---------------------------------------------
2 ROUGE-1 Average_P 0.38741
2 ROUGE-1 Average_R 0.27132
2 ROUGE-1 Average_F 0.31359
.............................................
2 ROUGE-1 Eval D1001A-A.M.100.A.2 R:0.20000 P:0.35714 F:0.25641
2 ROUGE-1 Eval D1001A-A.M.100.A.2 R:0.20000 P:0.35714 F:0.25641
2 ROUGE-1 Eval D1001A-A.M.100.A.2 R:0.20202 P:0.35714 F:0.25806
2 ROUGE-1 Eval D1001A-A.M.100.A.2 R:0.23529 P:0.42857 F:0.30380
2 ROUGE-1 Eval D1002A-A.M.100.A.2 R:0.26804 P:0.41935 F:0.32704
2 ROUGE-1 Eval D1002A-A.M.100.A.2 R:0.30612 P:0.48387 F:0.37500
2 ROUGE-1 Eval D1002A-A.M.100.A.2 R:0.34831 P:0.50000 F:0.41060
2 ROUGE-1 Eval D1002A-A.M.100.A.2 R:0.30392 P:0.50000 F:0.37805
2 ROUGE-1 Eval D1003A-A.M.100.A.2 R:0.12745 P:0.41935 F:0.19549
2 ROUGE-1 Eval D1003A-A.M.100.A.2 R:0.17241 P:0.48387 F:0.25424
2 ROUGE-1 Eval D1003A-A.M.100.A.2 R:0.13861 P:0.45161 F:0.21212
2 ROUGE-1 Eval D1003A-A.M.100.A.2 R:0.13000 P:0.41935 F:0.19847
2 ROUGE-1 Eval D1004A-A.M.100.A.2 R:0.25510 P:0.28409 F:0.26882
2 ROUGE-1 Eval D1004A-A.M.100.A.2 R:0.29126 P:0.34091 F:0.31414
2 ROUGE-1 Eval D1004A-A.M.100.A.2 R:0.32353 P:0.37500 F:0.34737
2 ROUGE-1 Eval D1004A-A.M.100.A.2 R:0.35000 P:0.39773 F:0.37234
2 ROUGE-1 Eval D1005A-A.M.100.A.2 R:0.34021 P:0.36667 F:0.35294
2 ROUGE-1 Eval D1005A-A.M.100.A.2 R:0.33645 P:0.40000 F:0.36548
2 ROUGE-1 Eval D1005A-A.M.100.A.2 R:0.28846 P:0.33333 F:0.30928
2 ROUGE-1 Eval D1005A-A.M.100.A.2 R:0.28431 P:0.32222 F:0.30208
2 ROUGE-1 Eval D1006A-A.M.100.A.2 R:0.23000 P:0.25275 F:0.24084
2 ROUGE-1 Eval D1006A-A.M.100.A.2 R:0.26733 P:0.29670 F:0.28125
2 ROUGE-1 Eval D1006A-A.M.100.A.2 R:0.19802 P:0.21978 F:0.20833
2 ROUGE-1 Eval D1006A-A.M.100.A.2 R:0.19626 P:0.23077 F:0.21212
2 ROUGE-1 Eval D1007B-A.M.100.A.2 R:0.23958 P:0.38333 F:0.29487
2 ROUGE-1 Eval D1007B-A.M.100.A.2 R:0.28000 P:0.46667 F:0.35000
2 ROUGE-1 Eval D1007B-A.M.100.A.2 R:0.18000 P:0.30000 F:0.22500
2 ROUGE-1 Eval D1007B-A.M.100.A.2 R:0.18367 P:0.30000 F:0.22785
2 ROUGE-1 Eval D1008B-A.M.100.A.2 R:0.32673 P:0.39759 F:0.35870
2 ROUGE-1 Eval D1008B-A.M.100.A.2 R:0.22642 P:0.28916 F:0.25397
2 ROUGE-1 Eval D1008B-A.M.100.A.2 R:0.28302 P:0.36145 F:0.31746
2 ROUGE-1 Eval D1008B-A.M.100.A.2 R:0.33000 P:0.39759 F:0.36066
2 ROUGE-1 Eval D1009B-A.M.100.A.2 R:0.32353 P:0.35870 F:0.34021
2 ROUGE-1 Eval D1009B-A.M.100.A.2 R:0.27586 P:0.26087 F:0.26816
2 ROUGE-1 Eval D1009B-A.M.100.A.2 R:0.25000 P:0.27174 F:0.26042
2 ROUGE-1 Eval D1009B-A.M.100.A.2 R:0.32673 P:0.35870 F:0.34197
2 ROUGE-1 Eval D1010B-A.M.100.A.2 R:0.23810 P:0.35211 F:0.28409
2 ROUGE-1 Eval D1010B-A.M.100.A.2 R:0.30108 P:0.39437 F:0.34146
2 ROUGE-1 Eval D1010B-A.M.100.A.2 R:0.22772 P:0.32394 F:0.26744
2 ROUGE-1 Eval D1010B-A.M.100.A.2 R:0.28283 P:0.39437 F:0.32941
2 ROUGE-1 Eval D1011C-A.M.100.A.2 R:0.10000 P:0.17857 F:0.12821
2 ROUGE-1 Eval D1011C-A.M.100.A.2 R:0.07843 P:0.14286 F:0.10127
2 ROUGE-1 Eval D1011C-A.M.100.A.2 R:0.12632 P:0.21429 F:0.15894
2 ROUGE-1 Eval D1011C-A.M.100.A.2 R:0.11321 P:0.21429 F:0.14815
2 ROUGE-1 Eval D1012C-A.M.100.A.2 R:0.31959 P:0.36047 F:0.33880
2 ROUGE-1 Eval D1012C-A.M.100.A.2 R:0.36275 P:0.43023 F:0.39362
2 ROUGE-1 Eval D1012C-A.M.100.A.2 R:0.20202 P:0.23256 F:0.21622
2 ROUGE-1 Eval D1012C-A.M.100.A.2 R:0.29412 P:0.34884 F:0.31915
2 ROUGE-1 Eval D1013C-A.M.100.A.2 R:0.32353 P:0.40741 F:0.36066
2 ROUGE-1 Eval D1013C-A.M.100.A.2 R:0.33981 P:0.43210 F:0.38043
2 ROUGE-1 Eval D1013C-A.M.100.A.2 R:0.36458 P:0.43210 F:0.39548
2 ROUGE-1 Eval D1013C-A.M.100.A.2 R:0.40594 P:0.50617 F:0.45055
2 ROUGE-1 Eval D1014C-A.M.100.A.2 R:0.23469 P:0.33824 F:0.27711
2 ROUGE-1 Eval D1014C-A.M.100.A.2 R:0.20792 P:0.30882 F:0.24852
2 ROUGE-1 Eval D1014C-A.M.100.A.2 R:0.17000 P:0.25000 F:0.20238
2 ROUGE-1 Eval D1014C-A.M.100.A.2 R:0.24242 P:0.35294 F:0.28743
2 ROUGE-1 Eval D1015C-A.M.100.A.2 R:0.29293 P:0.32584 F:0.30851
2 ROUGE-1 Eval D1015C-A.M.100.A.2 R:0.38889 P:0.39326 F:0.39106
2 ROUGE-1 Eval D1015C-A.M.100.A.2 R:0.22549 P:0.25843 F:0.24084
2 ROUGE-1 Eval D1015C-A.M.100.A.2 R:0.23762 P:0.26966 F:0.25263
2 ROUGE-1 Eval D1016C-A.M.100.A.2 R:0.31683 P:0.47761 F:0.38095
2 ROUGE-1 Eval D1016C-A.M.100.A.2 R:0.34259 P:0.55224 F:0.42286
2 ROUGE-1 Eval D1016C-A.M.100.A.2 R:0.33019 P:0.52239 F:0.40462
2 ROUGE-1 Eval D1016C-A.M.100.A.2 R:0.29412 P:0.44776 F:0.35503
2 ROUGE-1 Eval D1017D-A.M.100.A.2 R:0.22222 P:0.33846 F:0.26829
2 ROUGE-1 Eval D1017D-A.M.100.A.2 R:0.25000 P:0.36923 F:0.29814
2 ROUGE-1 Eval D1017D-A.M.100.A.2 R:0.22772 P:0.35385 F:0.27711
2 ROUGE-1 Eval D1017D-A.M.100.A.2 R:0.26733 P:0.41538 F:0.32530
2 ROUGE-1 Eval D1018D-A.M.100.A.2 R:0.21782 P:0.40741 F:0.28387
2 ROUGE-1 Eval D1018D-A.M.100.A.2 R:0.24490 P:0.44444 F:0.31579
2 ROUGE-1 Eval D1018D-A.M.100.A.2 R:0.27103 P:0.53704 F:0.36025
2 ROUGE-1 Eval D1018D-A.M.100.A.2 R:0.30693 P:0.57407 F:0.40000
2 ROUGE-1 Eval D1019D-A.M.100.A.2 R:0.38298 P:0.51429 F:0.43902
2 ROUGE-1 Eval D1019D-A.M.100.A.2 R:0.33673 P:0.47143 F:0.39286
2 ROUGE-1 Eval D1019D-A.M.100.A.2 R:0.32000 P:0.45714 F:0.37647
2 ROUGE-1 Eval D1019D-A.M.100.A.2 R:0.39394 P:0.55714 F:0.46154
2 ROUGE-1 Eval D1020D-A.M.100.A.2 R:0.23232 P:0.27711 F:0.25275
2 ROUGE-1 Eval D1020D-A.M.100.A.2 R:0.27885 P:0.34940 F:0.31016
2 ROUGE-1 Eval D1020D-A.M.100.A.2 R:0.23232 P:0.27711 F:0.25275
2 ROUGE-1 Eval D1020D-A.M.100.A.2 R:0.27551 P:0.32530 F:0.29834
2 ROUGE-1 Eval D1021D-A.M.100.A.2 R:0.19231 P:0.41667 F:0.26316
2 ROUGE-1 Eval D1021D-A.M.100.A.2 R:0.17822 P:0.37500 F:0.24161
2 ROUGE-1 Eval D1021D-A.M.100.A.2 R:0.25490 P:0.54167 F:0.34667
2 ROUGE-1 Eval D1021D-A.M.100.A.2 R:0.34286 P:0.75000 F:0.47059
2 ROUGE-1 Eval D1022D-A.M.100.A.2 R:0.34043 P:0.32000 F:0.32990
2 ROUGE-1 Eval D1022D-A.M.100.A.2 R:0.39048 P:0.41000 F:0.40000
2 ROUGE-1 Eval D1022D-A.M.100.A.2 R:0.52885 P:0.55000 F:0.53922
2 ROUGE-1 Eval D1022D-A.M.100.A.2 R:0.53535 P:0.53000 F:0.53266
2 ROUGE-1 Eval D1023E-A.M.100.A.2 R:0.16162 P:0.44444 F:0.23704
2 ROUGE-1 Eval D1023E-A.M.100.A.2 R:0.13000 P:0.36111 F:0.19118
2 ROUGE-1 Eval D1023E-A.M.100.A.2 R:0.18182 P:0.50000 F:0.26667
2 ROUGE-1 Eval D1023E-A.M.100.A.2 R:0.17000 P:0.47222 F:0.25000
2 ROUGE-1 Eval D1024E-A.M.100.A.2 R:0.39604 P:0.38835 F:0.39216
2 ROUGE-1 Eval D1024E-A.M.100.A.2 R:0.34259 P:0.35922 F:0.35071
2 ROUGE-1 Eval D1024E-A.M.100.A.2 R:0.37383 P:0.38835 F:0.38095
2 ROUGE-1 Eval D1024E-A.M.100.A.2 R:0.43434 P:0.41748 F:0.42574
2 ROUGE-1 Eval D1025E-A.M.100.A.2 R:0.24752 P:0.31646 F:0.27778
2 ROUGE-1 Eval D1025E-A.M.100.A.2 R:0.40196 P:0.51899 F:0.45304
2 ROUGE-1 Eval D1025E-A.M.100.A.2 R:0.26531 P:0.32911 F:0.29379
2 ROUGE-1 Eval D1025E-A.M.100.A.2 R:0.36000 P:0.45570 F:0.40223
2 ROUGE-1 Eval D1026E-A.M.100.A.2 R:0.07447 P:0.11667 F:0.09091
2 ROUGE-1 Eval D1026E-A.M.100.A.2 R:0.10000 P:0.16667 F:0.12500
2 ROUGE-1 Eval D1026E-A.M.100.A.2 R:0.05825 P:0.10000 F:0.07362
2 ROUGE-1 Eval D1026E-A.M.100.A.2 R:0.14851 P:0.25000 F:0.18634
2 ROUGE-1 Eval D1027E-A.M.100.A.2 R:0.35714 P:0.60345 F:0.44872
2 ROUGE-1 Eval D1027E-A.M.100.A.2 R:0.23077 P:0.41379 F:0.29630
2 ROUGE-1 Eval D1027E-A.M.100.A.2 R:0.27885 P:0.50000 F:0.35802
2 ROUGE-1 Eval D1027E-A.M.100.A.2 R:0.29126 P:0.51724 F:0.37267
2 ROUGE-1 Eval D1028E-A.M.100.A.2 R:0.37864 P:0.44318 F:0.40838
2 ROUGE-1 Eval D1028E-A.M.100.A.2 R:0.37864 P:0.44318 F:0.40838
2 ROUGE-1 Eval D1028E-A.M.100.A.2 R:0.32039 P:0.37500 F:0.34555
2 ROUGE-1 Eval D1028E-A.M.100.A.2 R:0.52941 P:0.61364 F:0.56842
2 ROUGE-1 Eval D1029F-A.M.100.A.2 R:0.25743 P:0.33766 F:0.29213
2 ROUGE-1 Eval D1029F-A.M.100.A.2 R:0.30928 P:0.38961 F:0.34483
2 ROUGE-1 Eval D1029F-A.M.100.A.2 R:0.24038 P:0.32468 F:0.27624
2 ROUGE-1 Eval D1029F-A.M.100.A.2 R:0.26000 P:0.33766 F:0.29379
2 ROUGE-1 Eval D1030F-A.M.100.A.2 R:0.13592 P:0.17073 F:0.15135
2 ROUGE-1 Eval D1030F-A.M.100.A.2 R:0.19802 P:0.24390 F:0.21858
2 ROUGE-1 Eval D1030F-A.M.100.A.2 R:0.20952 P:0.26829 F:0.23529
2 ROUGE-1 Eval D1030F-A.M.100.A.2 R:0.15306 P:0.18293 F:0.16667
2 ROUGE-1 Eval D1031F-A.M.100.A.2 R:0.28125 P:0.31395 F:0.29670
2 ROUGE-1 Eval D1031F-A.M.100.A.2 R:0.27835 P:0.31395 F:0.29508
2 ROUGE-1 Eval D1031F-A.M.100.A.2 R:0.27451 P:0.32558 F:0.29787
2 ROUGE-1 Eval D1031F-A.M.100.A.2 R:0.28431 P:0.33721 F:0.30851
2 ROUGE-1 Eval D1032F-A.M.100.A.2 R:0.38462 P:0.44444 F:0.41237
2 ROUGE-1 Eval D1032F-A.M.100.A.2 R:0.35577 P:0.41111 F:0.38144
2 ROUGE-1 Eval D1032F-A.M.100.A.2 R:0.28155 P:0.32222 F:0.30052
2 ROUGE-1 Eval D1032F-A.M.100.A.2 R:0.33654 P:0.38889 F:0.36082
2 ROUGE-1 Eval D1033F-A.M.100.A.2 R:0.37500 P:0.54167 F:0.44318
2 ROUGE-1 Eval D1033F-A.M.100.A.2 R:0.30097 P:0.43056 F:0.35429
2 ROUGE-1 Eval D1033F-A.M.100.A.2 R:0.31731 P:0.45833 F:0.37500
2 ROUGE-1 Eval D1033F-A.M.100.A.2 R:0.36364 P:0.50000 F:0.42105
2 ROUGE-1 Eval D1034F-A.M.100.A.2 R:0.27273 P:0.32143 F:0.29508
2 ROUGE-1 Eval D1034F-A.M.100.A.2 R:0.32584 P:0.34524 F:0.33526
2 ROUGE-1 Eval D1034F-A.M.100.A.2 R:0.25743 P:0.30952 F:0.28108
2 ROUGE-1 Eval D1034F-A.M.100.A.2 R:0.34694 P:0.40476 F:0.37363
2 ROUGE-1 Eval D1035G-A.M.100.A.2 R:0.23762 P:0.44444 F:0.30968
2 ROUGE-1 Eval D1035G-A.M.100.A.2 R:0.22772 P:0.42593 F:0.29677
2 ROUGE-1 Eval D1035G-A.M.100.A.2 R:0.20370 P:0.40741 F:0.27160
2 ROUGE-1 Eval D1035G-A.M.100.A.2 R:0.22430 P:0.44444 F:0.29814
2 ROUGE-1 Eval D1036G-A.M.100.A.2 R:0.14894 P:0.24561 F:0.18543
2 ROUGE-1 Eval D1036G-A.M.100.A.2 R:0.24752 P:0.43860 F:0.31646
2 ROUGE-1 Eval D1036G-A.M.100.A.2 R:0.18000 P:0.31579 F:0.22930
2 ROUGE-1 Eval D1036G-A.M.100.A.2 R:0.16667 P:0.29825 F:0.21384
2 ROUGE-1 Eval D1037G-A.M.100.A.2 R:0.29126 P:0.46875 F:0.35928
2 ROUGE-1 Eval D1037G-A.M.100.A.2 R:0.30097 P:0.48438 F:0.37126
2 ROUGE-1 Eval D1037G-A.M.100.A.2 R:0.28846 P:0.46875 F:0.35714
2 ROUGE-1 Eval D1037G-A.M.100.A.2 R:0.27000 P:0.42188 F:0.32927
2 ROUGE-1 Eval D1038G-A.M.100.A.2 R:0.28000 P:0.31111 F:0.29474
2 ROUGE-1 Eval D1038G-A.M.100.A.2 R:0.23232 P:0.25556 F:0.24339
2 ROUGE-1 Eval D1038G-A.M.100.A.2 R:0.22430 P:0.26667 F:0.24365
2 ROUGE-1 Eval D1038G-A.M.100.A.2 R:0.25962 P:0.30000 F:0.27835
2 ROUGE-1 Eval D1039G-A.M.100.A.2 R:0.41837 P:0.49398 F:0.45304
2 ROUGE-1 Eval D1039G-A.M.100.A.2 R:0.40594 P:0.49398 F:0.44565
2 ROUGE-1 Eval D1039G-A.M.100.A.2 R:0.46078 P:0.56627 F:0.50811
2 ROUGE-1 Eval D1039G-A.M.100.A.2 R:0.34951 P:0.43373 F:0.38710
2 ROUGE-1 Eval D1040G-A.M.100.A.2 R:0.13725 P:0.36842 F:0.20000
2 ROUGE-1 Eval D1040G-A.M.100.A.2 R:0.14851 P:0.39474 F:0.21583
2 ROUGE-1 Eval D1040G-A.M.100.A.2 R:0.22549 P:0.60526 F:0.32857
2 ROUGE-1 Eval D1040G-A.M.100.A.2 R:0.24000 P:0.63158 F:0.34783
2 ROUGE-1 Eval D1041H-A.M.100.A.2 R:0.27885 P:0.28155 F:0.28019
2 ROUGE-1 Eval D1041H-A.M.100.A.2 R:0.34314 P:0.33981 F:0.34146
2 ROUGE-1 Eval D1041H-A.M.100.A.2 R:0.30000 P:0.29126 F:0.29557
2 ROUGE-1 Eval D1041H-A.M.100.A.2 R:0.32673 P:0.32039 F:0.32353
2 ROUGE-1 Eval D1042H-A.M.100.A.2 R:0.18182 P:0.43902 F:0.25714
2 ROUGE-1 Eval D1042H-A.M.100.A.2 R:0.21053 P:0.48780 F:0.29412
2 ROUGE-1 Eval D1042H-A.M.100.A.2 R:0.15534 P:0.39024 F:0.22222
2 ROUGE-1 Eval D1042H-A.M.100.A.2 R:0.18367 P:0.43902 F:0.25899
2 ROUGE-1 Eval D1043H-A.M.100.A.2 R:0.37624 P:0.47500 F:0.41989
2 ROUGE-1 Eval D1043H-A.M.100.A.2 R:0.31068 P:0.40000 F:0.34973
2 ROUGE-1 Eval D1043H-A.M.100.A.2 R:0.34653 P:0.43750 F:0.38674
2 ROUGE-1 Eval D1043H-A.M.100.A.2 R:0.37255 P:0.47500 F:0.41758
2 ROUGE-1 Eval D1044H-A.M.100.A.2 R:0.24242 P:0.45283 F:0.31579
2 ROUGE-1 Eval D1044H-A.M.100.A.2 R:0.27723 P:0.52830 F:0.36364
2 ROUGE-1 Eval D1044H-A.M.100.A.2 R:0.22772 P:0.43396 F:0.29870
2 ROUGE-1 Eval D1044H-A.M.100.A.2 R:0.21000 P:0.39623 F:0.27451
2 ROUGE-1 Eval D1045H-A.M.100.A.2 R:0.29412 P:0.52632 F:0.37736
2 ROUGE-1 Eval D1045H-A.M.100.A.2 R:0.27451 P:0.49123 F:0.35220
2 ROUGE-1 Eval D1045H-A.M.100.A.2 R:0.24272 P:0.43860 F:0.31250
2 ROUGE-1 Eval D1045H-A.M.100.A.2 R:0.31313 P:0.54386 F:0.39744
2 ROUGE-1 Eval D1046H-A.M.100.A.2 R:0.30476 P:0.35955 F:0.32990
2 ROUGE-1 Eval D1046H-A.M.100.A.2 R:0.26667 P:0.31461 F:0.28866
2 ROUGE-1 Eval D1046H-A.M.100.A.2 R:0.22000 P:0.24719 F:0.23280
2 ROUGE-1 Eval D1046H-A.M.100.A.2 R:0.27551 P:0.30337 F:0.28877
---------------------------------------------
2 ROUGE-2 Average_P 0.08809
2 ROUGE-2 Average_R 0.06300
2 ROUGE-2 Average_F 0.07212
.............................................
2 ROUGE-2 Eval D1001A-A.M.100.A.2 R:0.02020 P:0.03636 F:0.02597
2 ROUGE-2 Eval D1001A-A.M.100.A.2 R:0.05051 P:0.09091 F:0.06494
2 ROUGE-2 Eval D1001A-A.M.100.A.2 R:0.05102 P:0.09091 F:0.06536
2 ROUGE-2 Eval D1001A-A.M.100.A.2 R:0.02970 P:0.05455 F:0.03846
2 ROUGE-2 Eval D1002A-A.M.100.A.2 R:0.04167 P:0.06557 F:0.05096
2 ROUGE-2 Eval D1002A-A.M.100.A.2 R:0.07216 P:0.11475 F:0.08861
2 ROUGE-2 Eval D1002A-A.M.100.A.2 R:0.07955 P:0.11475 F:0.09396
2 ROUGE-2 Eval D1002A-A.M.100.A.2 R:0.03960 P:0.06557 F:0.04938
2 ROUGE-2 Eval D1003A-A.M.100.A.2 R:0.00990 P:0.03333 F:0.01527
2 ROUGE-2 Eval D1003A-A.M.100.A.2 R:0.03488 P:0.10000 F:0.05172
2 ROUGE-2 Eval D1003A-A.M.100.A.2 R:0.03000 P:0.10000 F:0.04615
2 ROUGE-2 Eval D1003A-A.M.100.A.2 R:0.03030 P:0.10000 F:0.04651
2 ROUGE-2 Eval D1004A-A.M.100.A.2 R:0.05155 P:0.05747 F:0.05435
2 ROUGE-2 Eval D1004A-A.M.100.A.2 R:0.06863 P:0.08046 F:0.07407
2 ROUGE-2 Eval D1004A-A.M.100.A.2 R:0.10891 P:0.12644 F:0.11702
2 ROUGE-2 Eval D1004A-A.M.100.A.2 R:0.12121 P:0.13793 F:0.12903
2 ROUGE-2 Eval D1005A-A.M.100.A.2 R:0.07292 P:0.07865 F:0.07568
2 ROUGE-2 Eval D1005A-A.M.100.A.2 R:0.07547 P:0.08989 F:0.08205
2 ROUGE-2 Eval D1005A-A.M.100.A.2 R:0.07767 P:0.08989 F:0.08333
2 ROUGE-2 Eval D1005A-A.M.100.A.2 R:0.03960 P:0.04494 F:0.04211
2 ROUGE-2 Eval D1006A-A.M.100.A.2 R:0.03030 P:0.03333 F:0.03175
2 ROUGE-2 Eval D1006A-A.M.100.A.2 R:0.02000 P:0.02222 F:0.02105
2 ROUGE-2 Eval D1006A-A.M.100.A.2 R:0.02000 P:0.02222 F:0.02105
2 ROUGE-2 Eval D1006A-A.M.100.A.2 R:0.01887 P:0.02222 F:0.02041
2 ROUGE-2 Eval D1007B-A.M.100.A.2 R:0.00000 P:0.00000 F:0.00000
2 ROUGE-2 Eval D1007B-A.M.100.A.2 R:0.02020 P:0.03390 F:0.02532
2 ROUGE-2 Eval D1007B-A.M.100.A.2 R:0.01010 P:0.01695 F:0.01266
2 ROUGE-2 Eval D1007B-A.M.100.A.2 R:0.02062 P:0.03390 F:0.02564
2 ROUGE-2 Eval D1008B-A.M.100.A.2 R:0.10000 P:0.12195 F:0.10989
2 ROUGE-2 Eval D1008B-A.M.100.A.2 R:0.07619 P:0.09756 F:0.08556
2 ROUGE-2 Eval D1008B-A.M.100.A.2 R:0.05714 P:0.07317 F:0.06417
2 ROUGE-2 Eval D1008B-A.M.100.A.2 R:0.12121 P:0.14634 F:0.13260
2 ROUGE-2 Eval D1009B-A.M.100.A.2 R:0.04950 P:0.05495 F:0.05208
2 ROUGE-2 Eval D1009B-A.M.100.A.2 R:0.06977 P:0.06593 F:0.06780
2 ROUGE-2 Eval D1009B-A.M.100.A.2 R:0.06061 P:0.06593 F:0.06316
2 ROUGE-2 Eval D1009B-A.M.100.A.2 R:0.06000 P:0.06593 F:0.06283
2 ROUGE-2 Eval D1010B-A.M.100.A.2 R:0.03846 P:0.05714 F:0.04598
2 ROUGE-2 Eval D1010B-A.M.100.A.2 R:0.07609 P:0.10000 F:0.08642
2 ROUGE-2 Eval D1010B-A.M.100.A.2 R:0.05000 P:0.07143 F:0.05882
2 ROUGE-2 Eval D1010B-A.M.100.A.2 R:0.07143 P:0.10000 F:0.08333
2 ROUGE-2 Eval D1011C-A.M.100.A.2 R:0.00000 P:0.00000 F:0.00000
2 ROUGE-2 Eval D1011C-A.M.100.A.2 R:0.00000 P:0.00000 F:0.00000
2 ROUGE-2 Eval D1011C-A.M.100.A.2 R:0.01064 P:0.01818 F:0.01342
2 ROUGE-2 Eval D1011C-A.M.100.A.2 R:0.00952 P:0.01818 F:0.01250
2 ROUGE-2 Eval D1012C-A.M.100.A.2 R:0.08333 P:0.09412 F:0.08840
2 ROUGE-2 Eval D1012C-A.M.100.A.2 R:0.13861 P:0.16471 F:0.15054
2 ROUGE-2 Eval D1012C-A.M.100.A.2 R:0.03061 P:0.03529 F:0.03279
2 ROUGE-2 Eval D1012C-A.M.100.A.2 R:0.05941 P:0.07059 F:0.06452
2 ROUGE-2 Eval D1013C-A.M.100.A.2 R:0.05941 P:0.07500 F:0.06630
2 ROUGE-2 Eval D1013C-A.M.100.A.2 R:0.09804 P:0.12500 F:0.10989
2 ROUGE-2 Eval D1013C-A.M.100.A.2 R:0.10526 P:0.12500 F:0.11429
2 ROUGE-2 Eval D1013C-A.M.100.A.2 R:0.10000 P:0.12500 F:0.11111
2 ROUGE-2 Eval D1014C-A.M.100.A.2 R:0.03093 P:0.04478 F:0.03659
2 ROUGE-2 Eval D1014C-A.M.100.A.2 R:0.00000 P:0.00000 F:0.00000
2 ROUGE-2 Eval D1014C-A.M.100.A.2 R:0.01010 P:0.01493 F:0.01205
2 ROUGE-2 Eval D1014C-A.M.100.A.2 R:0.05102 P:0.07463 F:0.06061
2 ROUGE-2 Eval D1015C-A.M.100.A.2 R:0.04082 P:0.04545 F:0.04301
2 ROUGE-2 Eval D1015C-A.M.100.A.2 R:0.13483 P:0.13636 F:0.13559
2 ROUGE-2 Eval D1015C-A.M.100.A.2 R:0.01980 P:0.02273 F:0.02116
2 ROUGE-2 Eval D1015C-A.M.100.A.2 R:0.08000 P:0.09091 F:0.08511
2 ROUGE-2 Eval D1016C-A.M.100.A.2 R:0.10000 P:0.15152 F:0.12048
2 ROUGE-2 Eval D1016C-A.M.100.A.2 R:0.14953 P:0.24242 F:0.18497
2 ROUGE-2 Eval D1016C-A.M.100.A.2 R:0.05714 P:0.09091 F:0.07018
2 ROUGE-2 Eval D1016C-A.M.100.A.2 R:0.09901 P:0.15152 F:0.11976
2 ROUGE-2 Eval D1017D-A.M.100.A.2 R:0.02041 P:0.03125 F:0.02469
2 ROUGE-2 Eval D1017D-A.M.100.A.2 R:0.02105 P:0.03125 F:0.02516
2 ROUGE-2 Eval D1017D-A.M.100.A.2 R:0.04000 P:0.06250 F:0.04878
2 ROUGE-2 Eval D1017D-A.M.100.A.2 R:0.05000 P:0.07812 F:0.06098
2 ROUGE-2 Eval D1018D-A.M.100.A.2 R:0.04000 P:0.07547 F:0.05229
2 ROUGE-2 Eval D1018D-A.M.100.A.2 R:0.11340 P:0.20755 F:0.14667
2 ROUGE-2 Eval D1018D-A.M.100.A.2 R:0.08491 P:0.16981 F:0.11321
2 ROUGE-2 Eval D1018D-A.M.100.A.2 R:0.06000 P:0.11321 F:0.07843
2 ROUGE-2 Eval D1019D-A.M.100.A.2 R:0.08602 P:0.11594 F:0.09877
2 ROUGE-2 Eval D1019D-A.M.100.A.2 R:0.03093 P:0.04348 F:0.03614
2 ROUGE-2 Eval D1019D-A.M.100.A.2 R:0.06061 P:0.08696 F:0.07143
2 ROUGE-2 Eval D1019D-A.M.100.A.2 R:0.08163 P:0.11594 F:0.09581
2 ROUGE-2 Eval D1020D-A.M.100.A.2 R:0.04082 P:0.04878 F:0.04444
2 ROUGE-2 Eval D1020D-A.M.100.A.2 R:0.04854 P:0.06098 F:0.05405
2 ROUGE-2 Eval D1020D-A.M.100.A.2 R:0.02041 P:0.02439 F:0.02222
2 ROUGE-2 Eval D1020D-A.M.100.A.2 R:0.03093 P:0.03659 F:0.03352
2 ROUGE-2 Eval D1021D-A.M.100.A.2 R:0.04854 P:0.10638 F:0.06667
2 ROUGE-2 Eval D1021D-A.M.100.A.2 R:0.04000 P:0.08511 F:0.05442
2 ROUGE-2 Eval D1021D-A.M.100.A.2 R:0.09901 P:0.21277 F:0.13514
2 ROUGE-2 Eval D1021D-A.M.100.A.2 R:0.21154 P:0.46809 F:0.29139
2 ROUGE-2 Eval D1022D-A.M.100.A.2 R:0.08602 P:0.08081 F:0.08333
2 ROUGE-2 Eval D1022D-A.M.100.A.2 R:0.18269 P:0.19192 F:0.18719
2 ROUGE-2 Eval D1022D-A.M.100.A.2 R:0.24272 P:0.25253 F:0.24752
2 ROUGE-2 Eval D1022D-A.M.100.A.2 R:0.25510 P:0.25253 F:0.25381
2 ROUGE-2 Eval D1023E-A.M.100.A.2 R:0.02041 P:0.05714 F:0.03008
2 ROUGE-2 Eval D1023E-A.M.100.A.2 R:0.00000 P:0.00000 F:0.00000
2 ROUGE-2 Eval D1023E-A.M.100.A.2 R:0.02041 P:0.05714 F:0.03008
2 ROUGE-2 Eval D1023E-A.M.100.A.2 R:0.02020 P:0.05714 F:0.02985
2 ROUGE-2 Eval D1024E-A.M.100.A.2 R:0.14000 P:0.13725 F:0.13861
2 ROUGE-2 Eval D1024E-A.M.100.A.2 R:0.06542 P:0.06863 F:0.06699
2 ROUGE-2 Eval D1024E-A.M.100.A.2 R:0.12264 P:0.12745 F:0.12500
2 ROUGE-2 Eval D1024E-A.M.100.A.2 R:0.16327 P:0.15686 F:0.16000
2 ROUGE-2 Eval D1025E-A.M.100.A.2 R:0.00000 P:0.00000 F:0.00000
2 ROUGE-2 Eval D1025E-A.M.100.A.2 R:0.10891 P:0.14103 F:0.12291
2 ROUGE-2 Eval D1025E-A.M.100.A.2 R:0.02062 P:0.02564 F:0.02286
2 ROUGE-2 Eval D1025E-A.M.100.A.2 R:0.05051 P:0.06410 F:0.05650
2 ROUGE-2 Eval D1026E-A.M.100.A.2 R:0.00000 P:0.00000 F:0.00000
2 ROUGE-2 Eval D1026E-A.M.100.A.2 R:0.01010 P:0.01695 F:0.01266
2 ROUGE-2 Eval D1026E-A.M.100.A.2 R:0.00980 P:0.01695 F:0.01242
2 ROUGE-2 Eval D1026E-A.M.100.A.2 R:0.00000 P:0.00000 F:0.00000
2 ROUGE-2 Eval D1027E-A.M.100.A.2 R:0.15464 P:0.26316 F:0.19481
2 ROUGE-2 Eval D1027E-A.M.100.A.2 R:0.01942 P:0.03509 F:0.02500
2 ROUGE-2 Eval D1027E-A.M.100.A.2 R:0.07767 P:0.14035 F:0.10000
2 ROUGE-2 Eval D1027E-A.M.100.A.2 R:0.05882 P:0.10526 F:0.07547
2 ROUGE-2 Eval D1028E-A.M.100.A.2 R:0.12745 P:0.14943 F:0.13757
2 ROUGE-2 Eval D1028E-A.M.100.A.2 R:0.12745 P:0.14943 F:0.13757
2 ROUGE-2 Eval D1028E-A.M.100.A.2 R:0.09804 P:0.11494 F:0.10582
2 ROUGE-2 Eval D1028E-A.M.100.A.2 R:0.25743 P:0.29885 F:0.27660
2 ROUGE-2 Eval D1029F-A.M.100.A.2 R:0.01000 P:0.01316 F:0.01136
2 ROUGE-2 Eval D1029F-A.M.100.A.2 R:0.05208 P:0.06579 F:0.05814
2 ROUGE-2 Eval D1029F-A.M.100.A.2 R:0.01942 P:0.02632 F:0.02235
2 ROUGE-2 Eval D1029F-A.M.100.A.2 R:0.05051 P:0.06579 F:0.05714
2 ROUGE-2 Eval D1030F-A.M.100.A.2 R:0.00980 P:0.01235 F:0.01093
2 ROUGE-2 Eval D1030F-A.M.100.A.2 R:0.02000 P:0.02469 F:0.02210
2 ROUGE-2 Eval D1030F-A.M.100.A.2 R:0.00962 P:0.01235 F:0.01081
2 ROUGE-2 Eval D1030F-A.M.100.A.2 R:0.00000 P:0.00000 F:0.00000
2 ROUGE-2 Eval D1031F-A.M.100.A.2 R:0.09474 P:0.10588 F:0.10000
2 ROUGE-2 Eval D1031F-A.M.100.A.2 R:0.05208 P:0.05882 F:0.05525
2 ROUGE-2 Eval D1031F-A.M.100.A.2 R:0.08911 P:0.10588 F:0.09677
2 ROUGE-2 Eval D1031F-A.M.100.A.2 R:0.05941 P:0.07059 F:0.06452
2 ROUGE-2 Eval D1032F-A.M.100.A.2 R:0.02913 P:0.03371 F:0.03125
2 ROUGE-2 Eval D1032F-A.M.100.A.2 R:0.03883 P:0.04494 F:0.04167
2 ROUGE-2 Eval D1032F-A.M.100.A.2 R:0.05882 P:0.06742 F:0.06283
2 ROUGE-2 Eval D1032F-A.M.100.A.2 R:0.07767 P:0.08989 F:0.08333
2 ROUGE-2 Eval D1033F-A.M.100.A.2 R:0.20388 P:0.29577 F:0.24138
2 ROUGE-2 Eval D1033F-A.M.100.A.2 R:0.07843 P:0.11268 F:0.09249
2 ROUGE-2 Eval D1033F-A.M.100.A.2 R:0.10680 P:0.15493 F:0.12644
2 ROUGE-2 Eval D1033F-A.M.100.A.2 R:0.09184 P:0.12676 F:0.10651
2 ROUGE-2 Eval D1034F-A.M.100.A.2 R:0.05102 P:0.06024 F:0.05525
2 ROUGE-2 Eval D1034F-A.M.100.A.2 R:0.07955 P:0.08434 F:0.08187
2 ROUGE-2 Eval D1034F-A.M.100.A.2 R:0.07000 P:0.08434 F:0.07650
2 ROUGE-2 Eval D1034F-A.M.100.A.2 R:0.09278 P:0.10843 F:0.10000
2 ROUGE-2 Eval D1035G-A.M.100.A.2 R:0.06000 P:0.11321 F:0.07843
2 ROUGE-2 Eval D1035G-A.M.100.A.2 R:0.02000 P:0.03774 F:0.02614
2 ROUGE-2 Eval D1035G-A.M.100.A.2 R:0.03738 P:0.07547 F:0.05000
2 ROUGE-2 Eval D1035G-A.M.100.A.2 R:0.01887 P:0.03774 F:0.02516
2 ROUGE-2 Eval D1036G-A.M.100.A.2 R:0.01075 P:0.01786 F:0.01342
2 ROUGE-2 Eval D1036G-A.M.100.A.2 R:0.03000 P:0.05357 F:0.03846
2 ROUGE-2 Eval D1036G-A.M.100.A.2 R:0.02020 P:0.03571 F:0.02581
2 ROUGE-2 Eval D1036G-A.M.100.A.2 R:0.00990 P:0.01786 F:0.01274
2 ROUGE-2 Eval D1037G-A.M.100.A.2 R:0.03922 P:0.06349 F:0.04848
2 ROUGE-2 Eval D1037G-A.M.100.A.2 R:0.04902 P:0.07937 F:0.06061
2 ROUGE-2 Eval D1037G-A.M.100.A.2 R:0.03883 P:0.06349 F:0.04819
2 ROUGE-2 Eval D1037G-A.M.100.A.2 R:0.04040 P:0.06349 F:0.04938
2 ROUGE-2 Eval D1038G-A.M.100.A.2 R:0.01010 P:0.01124 F:0.01064
2 ROUGE-2 Eval D1038G-A.M.100.A.2 R:0.07143 P:0.07865 F:0.07487
2 ROUGE-2 Eval D1038G-A.M.100.A.2 R:0.04717 P:0.05618 F:0.05128
2 ROUGE-2 Eval D1038G-A.M.100.A.2 R:0.05825 P:0.06742 F:0.06250
2 ROUGE-2 Eval D1039G-A.M.100.A.2 R:0.10309 P:0.12195 F:0.11173
2 ROUGE-2 Eval D1039G-A.M.100.A.2 R:0.14000 P:0.17073 F:0.15385
2 ROUGE-2 Eval D1039G-A.M.100.A.2 R:0.14851 P:0.18293 F:0.16393
2 ROUGE-2 Eval D1039G-A.M.100.A.2 R:0.08824 P:0.10976 F:0.09783
2 ROUGE-2 Eval D1040G-A.M.100.A.2 R:0.01980 P:0.05405 F:0.02899
2 ROUGE-2 Eval D1040G-A.M.100.A.2 R:0.03000 P:0.08108 F:0.04380
2 ROUGE-2 Eval D1040G-A.M.100.A.2 R:0.09901 P:0.27027 F:0.14493
2 ROUGE-2 Eval D1040G-A.M.100.A.2 R:0.09091 P:0.24324 F:0.13235
2 ROUGE-2 Eval D1041H-A.M.100.A.2 R:0.09709 P:0.09804 F:0.09756
2 ROUGE-2 Eval D1041H-A.M.100.A.2 R:0.13861 P:0.13725 F:0.13793
2 ROUGE-2 Eval D1041H-A.M.100.A.2 R:0.06061 P:0.05882 F:0.05970
2 ROUGE-2 Eval D1041H-A.M.100.A.2 R:0.10000 P:0.09804 F:0.09901
2 ROUGE-2 Eval D1042H-A.M.100.A.2 R:0.03061 P:0.07500 F:0.04348
2 ROUGE-2 Eval D1042H-A.M.100.A.2 R:0.02128 P:0.05000 F:0.02985
2 ROUGE-2 Eval D1042H-A.M.100.A.2 R:0.02941 P:0.07500 F:0.04225
2 ROUGE-2 Eval D1042H-A.M.100.A.2 R:0.03093 P:0.07500 F:0.04380
2 ROUGE-2 Eval D1043H-A.M.100.A.2 R:0.14000 P:0.17722 F:0.15642
2 ROUGE-2 Eval D1043H-A.M.100.A.2 R:0.11765 P:0.15190 F:0.13260
2 ROUGE-2 Eval D1043H-A.M.100.A.2 R:0.13000 P:0.16456 F:0.14525
2 ROUGE-2 Eval D1043H-A.M.100.A.2 R:0.10891 P:0.13924 F:0.12222
2 ROUGE-2 Eval D1044H-A.M.100.A.2 R:0.03061 P:0.05769 F:0.04000
2 ROUGE-2 Eval D1044H-A.M.100.A.2 R:0.08000 P:0.15385 F:0.10526
2 ROUGE-2 Eval D1044H-A.M.100.A.2 R:0.02000 P:0.03846 F:0.02632
2 ROUGE-2 Eval D1044H-A.M.100.A.2 R:0.03030 P:0.05769 F:0.03974
2 ROUGE-2 Eval D1045H-A.M.100.A.2 R:0.13861 P:0.25000 F:0.17834
2 ROUGE-2 Eval D1045H-A.M.100.A.2 R:0.03960 P:0.07143 F:0.05096
2 ROUGE-2 Eval D1045H-A.M.100.A.2 R:0.02941 P:0.05357 F:0.03797
2 ROUGE-2 Eval D1045H-A.M.100.A.2 R:0.07143 P:0.12500 F:0.09091
2 ROUGE-2 Eval D1046H-A.M.100.A.2 R:0.05769 P:0.06818 F:0.06250
2 ROUGE-2 Eval D1046H-A.M.100.A.2 R:0.05769 P:0.06818 F:0.06250
2 ROUGE-2 Eval D1046H-A.M.100.A.2 R:0.03030 P:0.03409 F:0.03209
2 ROUGE-2 Eval D1046H-A.M.100.A.2 R:0.06186 P:0.06818 F:0.06486
