APW19990421.0284 Explosive Devices Slow Body Count. LITTLETON, Colo. (AP) -- The ...
APW19990422.0082 Colo. High School Students Edgy. LITTLETON, Colo. (AP) -- Students ...
APW19990422.0095 Buchanan Discusses Gun Control. BURBANK, Calif. (AP) -- Republican presidential ...
NYT19990423.0262 The New York Times plans two pages of stories, photos ...
NYT19990424.0231 LITTLETON, Colo. _ Lynda Pasma and Kerry Herurlin stopped halfway ...
APW19990425.0023 Community Draws Together in Grief. LITTLETON, Colo. (AP) -- They ...
APW19990425.0114 Thousands Mourn Columbine Victims. LITTLETON, Colo. (AP) -- Comforting each ...
NYT19990425.0192 LITTLETON, Colo. _ Vice President Al Gore on Sunday bid ...
APW19990427.0078 Columbine Kids To Attend Chatfield. LITTLETON, Colo. (AP) -- The ...
APW19990428.0297 Columbine Teams Return to Field. ARVADA, Colo. (AP) -- Columbine ...
APW19990502.0104 Colo. Students To Return To Class. MORRISON, Colo. (AP) -- ...
APW19990503.0128 Congress Looking at Youth Violence. WASHINGTON (AP) -- Pressured to ...
APW19990503.0161 Man Arrested In Colo. Shooting Case. LITTLETON, Colo. (AP) -- ...
APW19990503.0260 Colo. Students Return to Studies. LITTLETON, Colo. (AP) -- Welcoming ...
NYT19990503.0397 COLUMBINE STUDENTS WELCOMED AT DIFFERENT SCHOOL. LITTLETON, Colo. _ In ...
XIE19990504.0020 Columbine Students Return to School. WASHINGTON, May 3 (Xinhua) -- ...
XIE19990504.0328 Police Arrest Man Suspicious of Supplying Gun to Killers. WASHINGTON, ...
APW19990506.0070 Clinton To Visit Littleton, Colo.. WASHINGTON (AP) -- President Clinton ...
APW19990510.0131 Manes Charged in Columbine Attack. GOLDEN, Colo. (AP) -- A ...
APW19990511.0210 Columbine Yearbook Honors Victims. LITTLETON, Colo. (AP) -- This year's ...
NYT19990330.0349 DIALLO FAMILY TO HEAR PREVIEW OF CHARGES. NEW YORK _ ...
NYT19990330.0350 OFFICERS ARE SAID TO TELL OF SUSPICIONS ON DIALLO. NEW ...
APW19990331.0161 NYC Cops Charged in Shooting Death. NEW YORK (AP) -- ...
NYT19990331.0403 FOUR N.Y. OFFICERS INDICTED IN SHOOTING OF AFRICAN IMMIGRANT. NEW ...
NYT19990401.0006 The arraignment and the subsequent comments by the officers' lawyers ...
APW19990401.0274 Diallo Case Shows Courtroom Divide. NEW YORK (AP) -- The ...
NYT19990401.0410 IN DIALLO CASE, ALL SIDES SEE PHYSICAL EVIDENCE AS CRUCIAL. ...
NYT19990401.0413 SETTING A SCHEDULE IS THE NEXT LEGAL STEP. NEW YORK ...
NYT19990501.0002 FOUR OFFICERS IN DIALLO CASE RETURN TO WORK; TRIAL SET ...
APW19990929.0010 NYC Cops To Be Tried in Diallo Case. NEW YORK ...
APW19991015.0014 NYC Cop Discusses Diallo Shooting. NEW YORK (AP) -- Four ...
APW20000110.0134 Lawmakers, activists call for feds to monitor Diallo trial. ALBANY, ...
NYT20000110.0221 ALBANY BRACES FOR BIG BUSINESS FROM DIALLO TRIAL. ALBANY, N.Y. ...
NYT19991209.0360 POLICE OFFICERS ACCUSED IN DIALLO KILLING WILL PUT THEIR CREDIBILITY ...
NYT19991216.0349 4 OFFICERS IN DIALLO SHOOTING CASE TO BE TRIED IN ...
NYT19991216.0409 NEAR THE BULLET HOLES, BEWILDERMENT AND ANGER. NEW YORK _ ...
NYT19991218.0040 EDITORIAL: THE WRONG VENUE. The New York Times said in ...
NYT19991218.0300 SHARPTON ENLISTS AN ALLY: WINNIE MANDELA. NEW YORK _ The ...
NYT19991219.0252 NEWS ANALYSIS: MOVING OF DIALLO TRIAL COMES UNDER FIRE. NEW ...
NYT19991221.0375 COLUMN: WELCOMING DIALLO CASE TO ALBANY. ALBANY, N.Y. _ Since ...
XIN_ENG_20041019.0235 Beijing, Sichuan to exchange giant pandas. BEIJING, Oct. 19 (Xinhua). ...
AFP_ENG_20050128.0218 China soon to complete country's first blood bank for pandas. ...
XIN_ENG_20050210.0029 Blooming bamboo causes pandas to go hungry. LANZHOU, Feb. 10 ...
XIN_ENG_20050213.0159 Panda's habitat becomes greener. CHENGDU, Feb. 14 (Xinhua). Forest coverage ...
XIN_ENG_20050216.0036 Giant pandas have larger habitat in NW China. XI'AN, Feb. ...
AFP_ENG_20050216.0354 China's endangered panda expands habitat ATTENTION - ADDS information on ...
XIN_ENG_20050222.0273 Frost-stricken panda goes downhill for help. BEIJING, Feb. 23 (Xinhua). ...
XIN_ENG_20050327.0010 Hunger-threatened giant pandas to be moved to new food source. ...
AFP_ENG_20050328.0133 Hunger-threatened giant pandas in China to be moved to new ...
AFP_ENG_20050329.0028 China applies to United Nations for protection of panda's natural ...
XIN_ENG_20050403.0018 China's giant panda protection goes digital. CHENGDU, April 3 (Xinhua). ...
APW_ENG_20050410.0049 Love is in the air as pandas at San Diego ...
XIN_ENG_20050415.0040 Doctors say operation on paralyzed panda successful but not necessarily ...
CNA_ENG_20050503.0042 CONSERVATION GROUPS LAUNCH CAMPAIGN AGAINST CHINA'S PANDA OFFER. Kaohsiung, May ...
CNA_ENG_20050504.0009 TAIPEI CITY SEEKS TO PLAY HOST TO CHINESE PANDAS: MAYOR. ...
AFP_ENG_20050507.0219 China to build giant panda museum. BEIJING, May 7. China ...
XIN_ENG_20050511.0159 Giant panda's home cleaned up from pollution. CHENGDU, May 11 ...
LTW_ENG_20050709.0007 About Panda Cubs. From the Smithsonian National Zoo's Web site: ...
LTW_ENG_20050709.0028 National Zoo's Panda Gives Birth. WASHINGTON. The National Zoo's female ...
LTW_ENG_20050709.0037 bc-panda-times. Panda Gives Birth at National Zoo//(Washn) By Richard Simon=(c) ...
XIE19980718.0080 PNG Defense Force and Police Standby to Help Tsunami. CANBERRA, ...
XIE19980718.0082 Australia Sends Aid to PNG Tsunami Victims. CANBERRA, July 18 ...
APW19980718.0229 At least 70 dead after tsunami hits Papua New Guinea ...
APW19980718.0805 Wall of water crashes into remote Papua New Guinean villages. ...
APW19980718.0828 URGENT. The 23-foot (seven-meter) wall of water hit Friday night ...
APW19980718.0831 PORT MORESBY: are found.''. Dalle said it was impossible to ...
APW19980718.0833 URGENT. Disaster authorities said the area, about 600 kilometers (370 ...
XIE19980719.0035 3 Australian Planes Sent to PNG's Tidal Wave-Hit Area. CANBERRA, ...
APW19980719.0060 Wall of water crashes into remote Papua New Guinean villages. ...
XIE19980719.0133 PNG Tidal Death Toll Rises to 599. CANBERRA, July 19 ...
APW19980720.0063 Only coconut trees remain in wave-ravaged villages in Papua New. ...
XIE19980720.0105 Australian Coastline at Risk From Tsunamis. CANBERRA, July 20 (Xinhua) ...
APW19980720.0117 Report: At least 3,000 killed after tsunami strikes Papua New. ...
XIE19980720.0153 PNG Tsunami Death Toll May Surpass 3,000: Report. CANBERRA, July ...
APW19980720.0192 Precede SISSANO. VANIMO, Papua New Guinea (AP) _ The village ...
APW19980720.0200 Tsunami waves can tower, and crash with deadly result. A ...
NYT19980720.0321 VICTIMS OF GIANT WAVE BELIEVED TO BE MOSTLY CHILDREN. Relief ...
XIE19980721.0022 France Ready to Send Humanitarian Aid to Papua New Guinea. ...
XIE19980721.0057 Albright Plans Stop in Papua New Guinea to Show Support. ...
XIE19980721.0147 5,000 PNG Tsunami Victims Unaccounted for: Minister. CANBERRA, July 21 ...
APW_ENG_20041007.0256 Actor Michael J. Fox films stem-cell campaign ad for Sen. ...
APW_ENG_20041010.0097 Pope says his thoughts are with Roman Catholics at Mexico ...
NYT_ENG_20041011.0198 A TRICKY DEMENTIA. Q. What is Lewy body disease? I ...
LTW_ENG_20041013.0110 Brain Cell Study Alters Huntington's Disease Theory. A new robotic ...
LTW_ENG_20041014.0093 How Far Should Stem Cell Research Go?. Do you know ...
APW_ENG_20041019.0121 Team of Egyptian doctors examines Yasser Arafat after he suffers ...
NYT_ENG_20041026.0087 PARKINSON'S PATIENTS MAY BENEFIT FROM GENE DISCOVERY. WEST PALM BEACH, ...
LTW_ENG_20041028.0121 Walking Off Parkinson's. Exercise alone was enough to prevent the ...
AFP_ENG_20041102.0814 California adopts groundbreaking stem cell research measure (UPDATES count, ADDS ...
AFP_ENG_20041104.0778 Study: the dope on dopamine, Parkinson's. WASHINGTON, Nov 4 (AFP). ...
NYT_ENG_20041125.0079 PATIENTS DECRY PARKINSON'S DRUG'S RECALL DESPITE RISKS. With his condition ...
XIN_ENG_20041128.0228 Swiss voters endorse stem cell research. GENEVA, Nov. 28 (Xinhua). ...
APW_ENG_20041223.0196 South Korea to allow stem-cell research to cure disease. South ...
AFP_ENG_20050104.0181 Japanese team succeeds in stem cell therapy on monkeys with ...
AFP_ENG_20050111.0739 Family to visit Cuban dissident. BUENOS AIRES, Jan 11. A ...
AFP_ENG_20050117.0580 Gene flaw opens way to tests for Parkinson's disease ATTENTION ...
AFP_ENG_20050122.0318 Health warning: smoking may be good for Parkinson's. STOCKHOLM, Jan ...
AFP_ENG_20050129.0382 Animal rights activists march against Oxford research lab. LONDON, Jan ...
APW_ENG_20050204.0996 Parkinson's disease at a glance. Parkinson's disease, which robs people ...
NYT_ENG_20050211.0181 AMGEN REFUSES FURTHER USE OF EXPERIMENTAL PARKINSON'S DRUG. A small ...
LTW_ENG_20041001.0095 A Symptom of FDA Laxity. Merck & Co. said its ...
NYT_ENG_20041006.0329 VIOXX RECALL TURNS EYES TO CELEBREX. ATLANTA. Less than a ...
NYT_ENG_20041006.0378 NYTR-LKL-VIOX. LAKELAND. With Vioxx coming off the pharmacy shelves, what ...
APW_ENG_20041006.0456 Other drugs besides Vioxx may raise heart risks, report suggests. ...
NYT_ENG_20041007.0285 FDA IGNORED EARLIER WARNINGS OF VIOXX'S DANGERS. WASHINGTON. Seven weeks ...
APW_ENG_20041008.0053 U.S. drug agency accused of silencing scientist's early Vioxx warnings. ...
NYT_ENG_20041011.0247 SELLING PRESCRIPTION DRUGS TO THE CONSUMER. When Emily Martin was ...
LTW_ENG_20041014.0021 Evaluating Vioxx. The following editorial appeared in Thursday's Washington Post: ...
NYT_ENG_20041015.0265 PFIZER WARNS OF RISKS FROM ITS PAINKILLER. Pfizer Inc. warned ...
LTW_ENG_20041018.0077 Painful Withdrawal for Merck, Makers of Vioxx. WASHINGTON. The two ...
APW_ENG_20041019.0309 Merck says new pain reliever gentler than older product. Merck ...
APW_ENG_20041022.0270 European agency to conduct review of Cox-2 arthritis drugs. The ...
APW_ENG_20041029.0302 FDA requests more safety data on Merck's successor to Vioxx. ...
APW_ENG_20041101.0307 Merck shares plunge after reported it had Vioxx risks. Shares ...
NYT_ENG_20041104.0025 DRUG-SAFETY REVIEWER SAYS FDA DELAYED VIOXX STUDY. In a series ...
NYT_ENG_20041104.0275 STUDY SAYS DRUG'S DANGERS WERE APPARENT YEARS AGO. Merck and ...
LTW_ENG_20041105.0090 FDA to Strengthen Reviews of Drugs' Side Effects. WASHINGTON. Responding ...
APW_ENG_20041105.0429 New measures aim to improve drug safety. Buffeted by criticism, ...
AFP_ENG_20041105.0545 Merck disputes Lancet report on Vioxx. NEW YORK, Nov 5 ...
NYT_ENG_20041108.0087 WITH VIOXX GONE, NOW WHAT DO WE DO?. Drug companies ...
XIE19971208.0088 Source of Killer "Bird Flu" Hunted in Hong Kong. HONG ...
XIE19971209.0107 Macao Citizens Asked to Stay Calm About Bird Flu. MACAO, ...
XIE19971215.0046 HK Sets Up Working Group to Deal with Bird Flu. ...
XIE19971216.0046 Bird Flu Not Epidemic in Hong Kong: Official. HONG KONG, ...
XIE19971216.0096 HK Bird Flu Affects Chicken Sales in Macao. MACAO, December ...
XIE19971218.0167 Macao Residents Urged to Keep Away from Birds. MACAO, December ...
XIE19971219.0122 Hong Kong Informs Tourists of Bird Flu. HONG KONG, December ...
XIE19971224.0094 Three More Suspected H5N1 Cases Reported in Hong Kong. HONG ...
XIE19971225.0013 Four More Suspected Bird Flu Cases Reported in HK. HONG ...
XIE19971226.0101 No Bird Flu Cases Reported in Hong Kong's Neighbor City. ...
XIE19980104.0065 Macao Prepared for Any Possible Outbreak of Bird Flu. MACAO, ...
XIE19980105.0056 No "Bird Flu" Case Detected in Macao: Official. MACAO, January ...
XIE19980108.0192 Hong Kong to Adopt Confidence-building Measures. HONG KONG, January 8 ...
XIE19980108.0262 No Chance of Bird Flu in Nepal: Experts. KATHMANDU, January ...
XIE19971227.0072 Macao Inspection on Chicken Farms Finds Nothing Abnormal. MACAO, December ...
XIE19971227.0085 Bird-to-Human Main Mode of H5N1 Transmission,. HONG KONG, December 27 ...
XIE19971228.0040 HK to Slaughter Chickens to Fight "Bird Flu". HONG KONG, ...
XIE19971230.0099 Central Government Exhibits Deep Concern about Bird Flu. BEIJING, December ...
XIE19971231.0059 Tung Chee Hwa Visits Poultry Wholesale, Retail Markets in HK. ...
XIE19971231.0164 No Cases of Bird Flu Reported in Inland China. BEIJING, ...
NYT_ENG_20041014.0154 ON MARYLAND'S SHORE, AN ELEGY, PERHAPS, FOR OYSTER SEASON. On ...
LTW_ENG_20041101.0081 Watermen Tap Into Oyster Reserve. Years of paltry oyster harvests ...
LTW_ENG_20041110.0005 Advocates for Bay to Sue EPA. WASHINGTON. The Chesapeake Bay ...
LTW_ENG_20041112.0049 Md. Family Clings to Oyster Despite Prospects. For weeks this ...
LTW_ENG_20041117.0088 A Battle Won Against the Nutria. CAMBRIDGE, Md.. After struggling ...
LTW_ENG_20041204.0015 Marine Conservation Hits Bumpy Waters. PATUXENT RIVER, Md.. The sun ...
LTW_ENG_20041229.0088 Del., N.J. Want More Study of Asian Oysters. Maryland may ...
LTW_ENG_20050110.0119 States Seek U.S. Funds for Bay Cleanup. The leaders of ...
LTW_ENG_20050124.0088 Cleaning Up the Bay. In 2000, the Environmental Protection Agency, ...
LTW_ENG_20050124.0089 Rescue Effort Sinking for Chesapeake Bay. Halfway through a 10-year ...
LTW_ENG_20050302.0096 New Save-the-Bay Campaign Touts Chesapeake as Food Source. WASHINGTON. The ...
LTW_ENG_20050311.0019 Research Comes Fresh From U-Md. Lab. The University of Maryland's ...
LTW_ENG_20050311.0020 Dredging for an Oyster Solution. A decision about whether to ...
LTW_ENG_20050411.0080 bc-bay-farmers. Chad Funkhouser, 18, did not awaken over the weekend ...
LTW_ENG_20050727.0069 bc-kidspost-bay. If you've ever visited the Chesapeake Bay -- to ...
LTW_ENG_20050727.0078 What YOU Can Do. -- Don't trash the bay! That ...
LTW_ENG_20050804.0094 Effort to Put Eastern Oysters on Endangered List. WASHINGTON. A ...
LTW_ENG_20050927.0115 Md. Governor Announces Oyster Habitat Program. A $19.4 million plan ...
LTW_ENG_20051115.0144 GAO Denounces Bay Cleanup Efforts. WASHINGTON. The government agency leading ...
LTW_ENG_20051125.0002 Bay Blues. The following editorial appeared in Friday's Washington Post: ...
NYT19981001.0493 LEAKS CLOUD DEATH INQUIRY ON JONBENET. BOULDER, Colo. _ Sheets ...
APW19990107.0206 Ramsey Probe Receives More Funds. BOULDER, Colo. (AP) -- Prosecutors ...
APW19990128.0158 Public Help Sought in Ramsey Probe. BOULDER, Colo. (AP) -- ...
APW19990206.0079 How Teddy Bear Became a Clue. BOULDER, Colo. (AP) -- ...
NYT19981215.0290 JONBENET RAMSEY CASE MOVES AT `INCREDIBLY SLOW' PACE. BOULDER, Colo. ...
NYT19980625.0509 PARENTS OF JONBENET RAMSEY END 3 DAYS OF QUESTIONING. BOULDER, ...
NYT19980627.0184 ATLANTA -- When John and Patsy Ramsey hired lawyers after ...
APW19980709.0454 JonBenet's parents vow to find her killer. LONDON (AP) _ ...
NYT19980821.0418 FORMER RAMSEY FRIENDS SEEK SPECIAL PROSECUTOR IN JONBENET CASE. Three ...
NYT19980904.0388 The district attorney in Colorado overseeing the JonBenet Ramsey homicide ...
APW19990214.0104 Book: Mrs. Ramsey Tough With Cops. BOULDER, Colo. (AP) -- ...
APW19990319.0192 Detective in Ramsey Case Resigns. BOULDER, Colo. (AP) -- Linda ...
APW19990323.0262 DA Gets $62,001 for Ramsey Probe. BOULDER, Colo. (AP) -- ...
APW19990408.0257 Tabloid Denies Ramsey Case Charge. BOULDER, Colo. (AP) -- A ...
APW19990420.0308 Experts Theorize About Ramsey Case. BOULDER, Colo. (AP) -- The ...
APW19990526.0335 JonBenet Brother Said Questioned. BOULDER, Colo. (AP) -- JonBenet Ramsey's ...
APW19990705.0143 Investigator Arrests Spur Concern. GOLDEN, Colo. (AP) -- The company ...
APW19990714.0041 Extension Sought in Ramsey Case. BOULDER, Colo. (AP) -- The ...
APW19990911.0100 Ramsey Grand Jury Nears 1 Year Mark. BOULDER, Colo. (AP) ...
APW19990913.0023 Ex-Detective Recalls JonBenet Scene. DENVER (AP) -- The police detective ...
APW_ENG_20041010.0153 Emory University says patients not exposed to human version of ...
XIN_ENG_20041014.0006 Japan's 14th case of mad cow disease confirmed. TOKYO, Oct. ...
APW_ENG_20041015.0331 EU to spend euro98.1 million (US$122 million) on mad cow ...
AFP_ENG_20041021.0010 Japan, US start mad cow talks amid signs of resolution. ...
AFP_ENG_20041021.0546 Blood donor diagnosed with mad cow disease in France. PARIS, ...
CNA_ENG_20041022.0034 NO EXACT TIMETABLE FOR LIFTING BAN ON U.S. BEEF: HEALTH ...
APW_ENG_20041024.0169 Ireland suffers first suspected case of human form of mad ...
XIN_ENG_20041031.0113 Canada exceeds mad cow testing target. OTTAWA, Oct. 31 (Xinhua). ...
AFP_ENG_20041105.0442 Beef in Bulgaria not properly tested for mad cow disease: ...
AFP_ENG_20041110.0176 Tests confirm Irish case of human form of mad cow ...
AFP_ENG_20041111.0789 Gene shields some from human version of mad cow disease: ...
XIN_ENG_20041116.0267 New mad cow disease case detected in Spain. MADRID, Nov. ...
LTW_ENG_20041123.0128 No Disease in Suspected Mad Cow. WASHINGTON. Definitive testing has ...
AFP_ENG_20041128.0197 Hong Kong may lift Canadian beef ban after granting mad ...
APW_ENG_20050108.0054 Cow from diseased Canadian animal's herd traced to U.S.. WASHINGTON. ...
AFP_ENG_20050128.0401 Goat confirmed with 'mad cow' disease in France in first ...
XIN_ENG_20050204.0103 Japan confirms first human mad cow disease death. TOKYO, Feb. ...
APW_ENG_20050318.1114 Agriculture officials plan to boost mad cow research. WASHINGTON. The ...
APW_ENG_20050611.0077 U.S. checking possible new case of mad cow disease. WASHINGTON. ...
XIN_ENG_20050616.0329 US suspected tissue sent to England for mad cow confirmation. ...
APW_ENG_20041005.0361 'New era' for appetite-suppressing hormone, leptin; now eyed as possible ...
NYT_ENG_20041013.0054 ANOREXIA NOT JUST MALADY OF YOUNG WOMEN. ALBANY, N.Y.. Mention ...
APW_ENG_20041027.0030 Experts urge caution in talking to anorexics. They became fast ...
NYT_ENG_20041101.0063 NYTR-FPC-1BINGEEATIN. 11-1-04 Editors, an illustration is available on the FPC ...
NYT_ENG_20041108.0161 DAUGHTER'S STRUGGLE WITH BULIMIA SPURS WOMAN TO ACTION. WACO, Texas. ...
NYT_ENG_20041129.0131 YOUR EATING DISORDER DOESN'T MEET OUR CRITERIA. Imagine a 20-year-old ...
NYT_ENG_20041203.0174 EMBARGOED FOR SUNDAY, DEC. 5 WASTING AWAY ON THE WEB. ...
AFP_ENG_20050112.0350 Berlin restaurant caters for people who would rather not eat ...
AFP_ENG_20050201.0632 Italian TV ads encouraging bulimia in kids: survey. ROME, Feb ...
NYT_ENG_20050315.0102 AUTHOR TELLS HOW TO FEEL GOOD ABOUT YOURSELF AFTER AGE ...
NYT_ENG_20050321.0077 DRUG MAY HELP EASE GRIP OF SOME PHOBIAS. For many ...
LTW_ENG_20050420.0036 When Anorexia Becomes a Family Value. It's the first advice ...
APW_ENG_20050531.0040 Worshipping 'Ana': Eating disorders take on a life of their ...
NYT_ENG_20050606.0090 WEB SITES CELEBRATE A DEADLY THINNESS. Before the Web site's ...
APW_ENG_20050713.1076 U.S. researchers find connection between pleasure-regulating brain chemical and anorexia. ...
CNA_ENG_20050714.0025 NUTRITIONAL IMBALANCE COMMON AMONG TAIWAN SCHOOL CHILDREN. Taipei, July 14 ...
LTW_ENG_20050819.0045 `Starved' Isn't Just in Bad Taste, It's Dangerous. When I ...
APW_ENG_20051208.0880 Compulsive eating support groups on the rise in the U.S.. ...
LTW_ENG_20060125.0085 `Thin' Explores Secret Life of Women Who Purge. PARK CITY, ...
LTW_ENG_20060306.0187 Genetics Cited in Eating Disorders. Two new studies show that ...
LTW_ENG_20050814.0036 With Pilot Disabled, Airliner Crashes, Killing 121. ROME. High in ...
XIN_ENG_20050814.0067 Cypriot airliner carrying 121 people crashes in Greece. ATHENS, Aug. ...
NYT_ENG_20050814.0102 GREECE-CRASH-ART-735&ADD-NYT. 121 ARE KILLED AS JETLINER CRASHES NORTH OF ATHENS ...
XIN_ENG_20050814.0196 EU expresses condolences to Cypriot air crash victims. BRUSSELS, Aug. ...
XIN_ENG_20050814.0206 Cypriot airliner with 121 on board crashes in Greece. ATHENS, ...
APW_ENG_20050814.0477 Indications crash caused by poison fumes in cabin after collapse ...
APW_ENG_20050814.0636 Decompression suspected as cause of fatal airline crash in Greece. ...
APW_ENG_20050814.0649 Timeline of crash of Cypriot airliner in Greece. ATHENS, Greece. ...
XIN_ENG_20050815.0001 Roundup: Cypriot airliner crashes in Greece, government rules out terrorism. ...
APW_ENG_20050815.0029 Scenic Greek valley turned into inferno of smoke, corpses and ...
APW_ENG_20050816.0017 First autopsies show at least six people were alive when ...
APW_ENG_20050816.0019 Grieving relatives struggle to identify victims of Greece's worst plane ...
APW_ENG_20050816.0020 Experts: Cypriot flight may have lost cabin pressure, robbing pilots, ...
NYT_ENG_20050816.0225 ONE OF PLANE'S BLACK BOXES WAS DESTROYED IN CRASH. ATHENS, ...
APW_ENG_20050817.0015 Fatal Cyprus jet plane lost pressure through door last year, ...
APW_ENG_20050817.0684 British pilots call for quick release of preliminary findings in ...
APW_ENG_20050817.0908 Reports describe last-minute attempt to save Cypriot passenger plane. ATHENS, ...
APW_ENG_20050819.0862 Greek authorities rule out carbon monoxide poisoning in Cypriot airliner ...
NYT_ENG_20050822.0163 LAST MINUTES OF CYPRIOT FLIGHT DESCRIBED IN GREEK REPORT. ROME. ...
APW_ENG_20050916.0430 One month after deadly crash of Cypriot plane, causes remain ...
NYT19981014.0035 ARIZONA MEASURES HANG ON BUDGET NEGOTIATIONS. WASHINGTON _ Budget negotiations ...
NYT19981021.0190 HOW ERRORS IN WEB BACKGROUND CHECKS CAN DERAIL JOB SEEKERS. ...
NYT19981102.0437 IDENTITY THEFT PLAGUES BUSINESSES, BANKS. LOS ANGELES _ Sandy Darby ...
APW19990112.0052 Audit: IRS System a Privacy Threat. WASHINGTON (AP) -- Although ...
NYT19981231.0011 LOS ANGELES COUNTY DA TARGETS IDENTITY THEFT. LOS ANGELES _ ...
NYT19980603.0206 MANY BUYING HOME SHREDDERS TO THWART GARBAGE SNOOPS. The Nixon ...
NYT19980731.0420 GORE OUTLINES PLANS FOR STRONGER ONLINE PRIVACY. WASHINGTON _ The ...
NYT19980909.0158 THIEVES TRADE GUNS FOR COMPUTERS AND A STOLEN IDENTITY. SAN ...
NYT19980909.0159 FRAUD VICTIMS OFTEN VICTIMIZED BY THE SYSTEM. SAN FRANCISCO _ ...
NYT19980909.0160 VICTIM OF IDENTITY THEFT NOW HELPS OTHERS SNARED BY SCAMS. ...
NYT20000211.0369 WHEN IT'S NOBODY'S BUSINESS BUT YOUR OWN (FOR RELEASE SUNDAY, ...
NYT19990216.0025 WASHINGTON _ ``You're kidding!'' my wife exclaimed. I had just ...
APW20000307.0135 Identity Theft Cases Said on Rise. WASHINGTON (AP) -- With ...
APW20000309.0005 Senate GOP unveils privacy protection recommendations. ALBANY, N.Y. (AP) -- ...
APW20000317.0061 Will Privacy Panel Stop New Laws?. WASHINGTON (AP) -- Even ...
NYT19990420.0106 HURT CONTINUES IN THEFT OF ID. It was supposed to ...
NYT20000421.0095 LEGISLATION AIMS TO CURB IDENTITY THEFT. WASHINGTON _ Thieves have ...
NYT20000510.0252 COMMENTARY: DEFEND YOUR IDENTITY. WASHINGTON _ John Stevens and his ...
NYT19990701.0080 ATLANTA _ Add this to the list of American family ...
NYT19990722.0257 CONGRESSMAN SEEKS NATIONAL IDENTITY CARD. WASHINGTON _ The ability of ...
XIE19961018.0087 Hypnotism Experiment on Obesity Gets Good Result. KUWAIT CITY, October ...
XIE19961102.0087 Over 40 Percent of Kuwaiti Women Obese, Says Expert. KUWAIT ...
XIE19961115.0291 WHO: Diabetics to Top 250 Million by 2025. GENEVA, November ...
XIE19970123.0141 Over Half of Kuwaitis Obese: Study. KUWAIT CITY, January 23 ...
XIE19970217.0075 Poll Shows HK Children Eat Too Much Junk Food. HONG ...
XIE19960715.0055 Survey Shows One in Every Ten Shanghainese Overweight. SHANGHAI, July ...
XIE19970723.0065 UAE Nationals Under Diabetes Threat. ABU DHABI, July 23 (Xinhua) ...
XIE19960815.0021 UK's Healthy Nation Program Foiled by Heavy-Drinking,. LONDON, August 14 ...
XIE19960815.0109 Guangzhou Studies Its Menu. BEIJING, August 15 (Xinhua) -- Armed ...
XIE19960910.0251 12 Percent Shanghai Residents Suffer From Obesity. SHANGHAI, September 10 ...
XIE19971017.0237 Americans Spend 33 Bln Dlrs Annually on Weight-Loss. WASHINGTON, October ...
NYT19981022.0320 FATTENING OF AMERICA: 55% NOW OVERWEIGHT. And if we keep ...
XIE19971216.0277 Global Diabetes Cases Forecast to Double by 2010. LONDON, December ...
XIE19980226.0283 Pakistan Among Top 10 in Diabetes Rate. ISLAMABAD, February 26 ...
XIE19980529.0199 Half of U.S. Population Overweight. LOS ANGELES, May 28 (Xinhua) ...
NYT19980616.0139 RESEARCHER SEES DRAMATIC RISE IN DIABETES CASES. SAN ANTONIO _ ...
NYT19980727.0186 CHILDHOOD OBESITY: A GROWING PROBLEM. (Charles Downey is a Big ...
NYT19980728.0238 CHILDHOOD OBESITY: A GROWING PROBLEM. (Charles Downey is a Big ...
APW19980824.0037 Japanese police battle obesity. TOKYO (AP) _ Japanese police have ...
NYT19980903.0137 OBESITY AN ENIGMA, THREAT TO NATIONAL HEALTH (NOTE: SIDEBAR MATERIAL ...
XIE19970214.0174 Yunnan Strengthen Environmental Protection. KUNMING, February 14 (Xinhua) -- Northwest ...
XIE19980408.0186 China Taking Steps To Protect Tropical Rain Forest (1). KUNMING, ...
XIE19960412.0020 Africa's Lumber Producers to Meet in Angola. LUANDA, April 12 ...
XIE19960425.0064 Africa Timber Conference To Open Soon. LUANDA, April 24 (Xinhua) ...
XIE19960521.0167 Experts Call for Protecting Gibbons. HAIKOU, May 21 (Xinhua) -- ...
XIE19960622.0230 Tropical Rain Afforestation Project in Hainan. HAIKOU, June 22 (Xinhua) ...
XIE19970623.0147 Rain Forest Reserve Plans To Enlarge Its Area. KUNMING, June ...
XIE19960802.0193 Malaysia, Austria to Expand Bilateral Relations. KUALA LUMPUR, August 2 ...
XIE19970805.0167 Tanzanian Vice-President on Control of. DAR ES SALAAM, August 5 ...
XIE19960829.0233 Brazil, Malaysia to Launch Satellites. RIO DE JANEIRO, August 28 ...
NYT19980601.0065 CUAUHTEMOC, Mexico _ There are no fire hydrants in this ...
NYT19980608.0212 DESPITE BEST EFFORTS, RAINFORESTS FACE UPHILL BATTLE. In the two ...
APW19980611.1639 Rains helping extinguish fires in southern Mexico. MEXICO CITY (AP) ...
XIE19980612.0306 Sole Tropical Rain Forest Near Tropic of Cancer Under Protection ...
APW19980619.0300 S.E. Asian environment ministers outline action against fires, haze. SINGAPORE ...
NYT19980620.0134 EDITORIAL: SURINAME'S EXAMPLE (HLW). The New York Times said in ...
NYT19980727.0361 COMMENTARY: IN BRAZIL, POLITICS IS THE ECOSYSTEM. UNA, Brazil _ ...
APW19980808.0489 Brazil government grants extension for environmental law. RIO DE JANEIRO, ...
APW19980810.1029 Indians fight to save gold-rich Amazon paradise. EL DORADO, Venezuela ...
NYT19980818.0108 RESEARCHERS SAY HORNBILLS HELP RESEED RAIN FORESTS. SAN FRANCISCO _ ...
XIE19981113.0074 Indonesian Assembly Agrees to Probe Soeharto's Wealth. JAKARTA, November 13 ...
XIE19981118.0285 Indonesia Finds More Evidence of Soeharto's Wealth. JAKARTA, November 18 ...
XIE19981119.0113 Mass Demonstration Against Soeharto Held In Jakarta. JAKARTA, November 19 ...
XIE19980602.0006 Indonesian Govt Investigates Former President's. JAKARTA, June 1 (Xinhua) -- ...
APW19980602.1383 INDONESIA. JAKARTA (JP): The government has launched an investigation into ...
XIE19980609.0168 Indonesian to Investigate Officials' Wealth. JAKARTA, June 9 (Xinhua) -- ...
APW19980612.1196 Soeharto hires lawyers, JAKARTA POST. WASHINGTON, D.C. 20003 Tel: 202-547-4512 ...
APW19980615.1218 Soedjono denies claim on foreign lawyer, JAKARTA POST. WASHINGTON, D.C. ...
XIE19980912.0186 Indonesia Vows to Hunt State Assets Stashed Abroad. JAKARTA, September ...
XIE19980922.0307 Indonesia Investigates Ex-President's Wealth. JAKARTA, September 22 (Xinhua) -- Indonesian ...
XIE19991011.0137 Indonesia Stops to Probe Soeharto's Corruption. JAKARTA, October 11 (Xinhua) ...
XIE19990113.0235 Soeharto Responsible For Embezzlement Funds: Indonesian Attorney General. JAKARTA, January ...
XIE19981121.0162 Soeharto's Wealth Probe Must End by 2000: Legislators. JAKARTA, November ...
XIE19981203.0178 Indonesian President Instructs Attorney General to. JAKARTA, December 3 (Xinhua) ...
XIE19981208.0119 Indonesian Embassies Ready to Assist Investigation. JAKARTA, December 8 (Xinhua) ...
XIE20000211.0101 Soeharto Urged to Meet Investigation Summon. JAKARTA, February 11 (Xinhua) ...
XIE20000211.0132 Soeharto Can't Undergo Investigation: Lawyer. JAKARTA, February 11 (Xinhua) -- ...
XIE20000214.0228 Former Indonesian President Fails to Appear for Questioning. JAKARTA, February ...
XIE20000330.0168 Attorney General to Summon Soeharto for Third Time. JAKARTA, March ...
XIE19990524.0094 Indonesian President Urges Study on Soeharto Wealth. JAKARTA, May 24 ...
XIE19990911.0033 Hurricane Floyd Churns Through North Atlantic. WASHINGTON, September 10 (Xinhua) ...
APW19990911.0145 Floyd May Miss Caribbean Islands. THE VALLEY, Anguilla (AP) -- ...
NYT19990911.0237 WEST PALM BEACH, Fla. _ Hurricane Floyd got stronger and ...
APW19990912.0061 Floyd Strengthens, Nears Bahamas. NASSAU, Bahamas (AP) -- Storm-weary residents ...
APW19990913.0046 Florida Braces for Hurricane Floyd. MIAMI (AP) -- As Hurricane ...
APW19990913.0057 Floyd Strengthens, Nears Bahamas. NASSAU, Bahamas (AP) -- Hurricane Floyd ...
NYT19990913.0226 WASHINGTON - Wherever Hurricane Floyd hits, the federal agency responsible ...
NYT19990913.0305 WASHINGTON _ This could be the storm FEMA Director James ...
NYT19990913.0328 BRUNSWICK, Ga._A voluntary evacuation of heavily-populated barrier islands and low-lying ...
NYT19990913.0348 FLORIDA BRACES AS MASSIVE STORM MOVES TOWARD COAST. MIAMI _ ...
APW19990914.0012 Hurricane Floyd Lashes the Bahamas. NASSAU, Bahamas (AP) -- Hurricane ...
APW19990914.0039 Floyd Bears Down on Southeast U.S.. MIAMI (AP) -- Authorities ...
XIE19990914.0072 Hurricane Floyd Speeds Toward U.S.. WASHINGTON, September 13 (Xinhua) -- ...
APW19990914.0092 Floyd Chases PBS Show From Studio. NEW YORK (AP) -- ...
APW19990914.0094 Hurricane Prompts Shinn Mistrial. COLUMBIA, S.C. (AP) -- Hurricane Floyd ...
APW19990914.0098 Clinton Declares Fla, Ga Disasters. CHRISTCHURCH, New Zealand (AP) -- ...
APW19990914.0176 Hurricane Floyd Menaces Bahamas. NASSAU, Bahamas (AP) -- Panicked Bahamas ...
NYT19990914.0184 WEATHER. NATIONAL FORECAST Hurricane Floyd tore a destructive path through ...
APW19990914.0190 Floyd Pounds Bahamas With Rain, Wind. NASSAU, Bahamas (AP) -- ...
APW19990914.0234 Hurricane Floyd Pummels Bahamas. NASSAU, Bahamas (AP) -- Hurricane Floyd ...
APW_ENG_20050609.0625 Source: Suspects said man dressed in security uniform approached student ...
NYT_ENG_20050614.0242 RENEWED SEARCH LAUNCHED IN ARUBA FOR ALABAMA TEEN. ORANJESTAD, Aruba. ...
NYT_ENG_20050615.0247 SUSPECT'S HOME SEARCHED IN ARUBA. NOORD, Aruba. Almost a week ...
APW_ENG_20050616.0889 A package of news briefs from the Caribbean. ARUBA: Police ...
APW_ENG_20050616.1344 Aruban helicopter search fails to find body of missing American ...
NYT_ENG_20050617.0189 4TH MAN JAILED IN MISSING GIRL CASE. SANTA CRUZ, Aruba. ...
APW_ENG_20050618.0627 Searcher: Missing teen's family found suspects before Aruban police. MOUNTAIN ...
APW_ENG_20050619.0021 Judge in Aruba extends detention of three young men in ...
NYT_ENG_20050619.0132 NO SIGNS THAT CASE OF MISSING ALABAMA TEEN IS CLOSER ...
APW_ENG_20050619.0430 Police question father of Dutch teen arrested in case of ...
APW_ENG_20050621.1250 Texas search and rescue group travels to Aruba to look ...
APW_ENG_20050621.1267 Questions haunt friends of Alabama teen missing in Aruba. MOUNTAIN ...
APW_ENG_20050623.0097 Parents of Dutch youth held in case of missing Alabama ...
NYT_ENG_20050623.0132 FATHER OF SUSPECT ARRESTED IN CASE OF MISSING ALABAMA TEEN. ...
APW_ENG_20050625.0623 Texas volunteer group to comb Aruba in latest hunt for ...
NYT_ENG_20050626.0050 TWO SUSPECTS RELEASED IN ALABAMA TEEN'S DISAPPEARANCE. ORANJESTAD, Aruba. A ...
APW_ENG_20050630.0093 Father of arrested teenager in disappearance of U.S. woman in ...
APW_ENG_20050630.1215 Attorney general says no physical evidence that U.S. teen murdered ...
APW_ENG_20050714.0982 Dutch teen to remain in custody in disappearance of Natalee ...
APW_ENG_20050716.0667 Aruba police take jailed youth to retrace steps at beach ...
APW20000424.0024 21 Held Hostage on Malaysian Island. KUALA LUMPUR, Malaysia (AP) ...
XIE20000424.0055 Two S. Africans Taken Hostage in Malaysia. JOHANNESBURG, April 24 ...
XIE20000424.0068 hke042451-- Philippine Military to Go After Abductors in Malaysia. MANILA, ...
XIE20000424.0074 Writethru: 20 people Taken Hostage by Armed men in Malaysia. ...
XIE20000424.0151 3rdlead: Hostages Taken by Armed Pirates in Malaysia Safe: FM. ...
XIE20000424.0211 1stlead: 20 people Taken Hostage by Armed Pirates in Malaysia. ...
APW20000424.0241 Americans Escape Hostage Abduction. KUALA LUMPUR, Malaysia (AP) -- James ...
APW20000425.0007 Rebels Take Blame For Kidnappings. ZAMBOANGA, Philippines (AP) -- Muslim ...
APW20000425.0011 Gunmen Take Hostages in Malaysia. SEMPORNA, Malaysia (AP) -- Rescue ...
APW20000425.0051 Malaysia, Philippines search for hostages kidnapped from divingresort. SEMPORNA, Malaysia ...
XIE20000426.0171 Local Officials Say Hostages Now in Philippines (Eds: Update with ...
APW20000427.0086 Southeast Asia Waters Hide Rebels. MATAKING ISLAND, Malaysia (AP) -- ...
XIE20000427.0190 Philippine Gov't Negotiates for Release of Hostage. Nur Misuari, governor ...
XIE20000428.0079 Manila to Try Best for Safe Release of Hostages. Manila, ...
XIE20000428.0310 Philippine Official: Hostages' Release a Hoax. MANILA, April 28 (Xinhua) ...
XIE20000429.0105 Philippines, Malaysia Intensify Joint Border Patrols. MANILA, April 29 (Xinhua) ...
XIE20000429.0119 Philippine Army Finds No trace of Hostages Yet. MANILA, April ...
XIE20000429.0144 Manila Not to Replace Negotiator for Hostage Release. MANILA, April ...
XIE20000429.0216 Philippine Group Threatens to Kill Hostages. MANILA, April 29 (Xinhua) ...
APW20000501.0072 Ailing Hostages Plead for Water. TALIPAO, Philippines (AP) -- The ...
APW19981012.0494 Distributor recalls batches of Heinz baby food. HONG KONG (AP) ...
XIE19981105.0287 U.S. Company Recalls Beef in Bacteria Alert. Los Angeles, November ...
XIE19981106.0010 Potentially Tainted Beef Recalled in U.S.. WASHINGTON, November 5 (Xinhua) ...
APW19990123.0111 Thorn Apple Valley Recalls Meat. WASHINGTON (AP) -- Consumers who ...
APW19990125.0141 Ark. Processing Plant Recalls Meat. LITTLE ROCK, Ark. (AP) -- ...
NYT19990126.0229 EATING WELL: A FOOD-BORNE ILLNESS THAT DESERVES MORE ATTENTION. When ...
APW19990211.0119 Gov't Tries To Contain Listeriosis. WASHINGTON (AP) -- Recent outbreaks ...
NYT19981223.0446 OUTBREAK OF FOOD POISONING LEADS TO WARNING ON HOT DOGS ...
APW19990227.0088 Listeria Cases Baffle Experts / Farm Scene. WASHINGTON (AP) -- ...
NYT19980703.0266 CLINTON PRESSURES CONGRESS FOR MONEY TO ENSURE SAFETY OF FOOD. ...
APW20000210.0332 Potential Allergen Spurs Meat Recall. WASHINGTON (AP) -- Some 211,000 ...
NYT19991228.0280 A BIT OF PATE? CHECK THE LABEL FIRST. A New ...
APW19990405.0170 E. Coli Blamed in Minn. Beef Recall. WASHINGTON (AP) -- ...
APW19990406.0127 E. Coli Blamed in Minn. Beef Recall. WASHINGTON (AP) -- ...
APW19990413.0210 USDA Declares Meat Products Unfit. WASHINGTON (AP) -- Federal food ...
APW19990416.0259 Problems at Bil Mar Before Recall. DETROIT (AP) -- Federal ...
APW20000609.0141 Listeria suspected in Rochester bologna recall. ROCHESTER, N.Y. (AP) - ...
APW20000624.0089 Meatpacker Recalls Ground Beef. WASHINGTON (AP) -- A Canadian packing ...
APW20000728.0140 Beef recall affects lunch programs at Nebraska schools. LINCOLN, Neb. ...
APW20000924.0061 Concern Surfaces Over Taco Recall. ST. LOUIS (AP) -- Just ...
AFP_ENG_20041202.0789 Tape, photos released of US boy with teacher accused of ...
NYT_ENG_20050720.0254 TOO PRETTY FOR PRISON? THAT'S JUST BEAUTIFUL. Peter Griffin, the ...
NYT_ENG_20051101.0292 TEACHER CHARGED WITH SEX BATTERY. TAMPA - Investigators say it ...
NYT_ENG_20051122.0149 ST. PETERSBURG TIMES BUDGET-STP. The St. Petersburg Times plans to ...
NYT_ENG_20051122.0329 SEX WITH STUDENT BRINGS NO JAIL TIME FOR LAFAVE. TAMPA ...
APW_ENG_20051122.1211 Florida teacher accused of sex with 14-year-old student pleads guilty. ...
NYT_ENG_20051123.0277 LAFAVE'S LIFE WILL NEVER BE THE SAME. TAMPA - The ...
APW_ENG_20051123.0560 Florida teacher accused of sex with 14-year-old student pleads guilty. ...
NYT_ENG_20051124.0026 WAVE OF COVERAGE SWAMPS FAMILY, TILTS BALANCE OF JUSTICE. Now ...
APW_ENG_20051209.0071 U.S. judge wants plea deal changed in teacher sex case. ...
NYT_ENG_20051209.0255 CANDACE RONDEAUX AND CATHERINE E. SHOICHET. Two weeks after the ...
APW_ENG_20051209.0490 U.S. judge wants plea deal changed in teacher sex case. ...
APW_ENG_20051211.0701 Mother of alleged teen victim in Florida teacher sex case ...
APW_ENG_20051212.0337 Mother of alleged victim in U.S. teacher sex case does ...
APW_ENG_20060309.0046 U.S. judge asked to reconsider a plea deal for teacher ...
NYT_ENG_20060321.0135 ST. PETERSBURG TIMES BUDGET-STP. The St. Petersburg Times plans to ...
NYT_ENG_20060321.0324 LAFAVE CASE "OVER FOR GOOD'. TAMPA - The criminal case ...
NYT_ENG_20060321.0326 GETTING BACK TO NORMAL. TAMPA - Maybe it was when ...
AFP_ENG_20060321.0676 Teacher let off after admitting sex with teenage student. MIAMI, ...
APW_ENG_20060321.1240 Florida prosecutors drop charges against teacher in student sex case. ...
AFP_ENG_20050514.0029 Australia says it won't try to stop Japanese whaling ships ...
XIN_ENG_20050515.0200 NZ mulls over stopping Japan 's whale slaughter in World ...
APW_ENG_20050516.0058 NZ Greens considering consumer boycott over Japan's plans for expanded ...
APW_ENG_20050518.0089 Japan's bid to harvest more whales is "very bad," Australia's ...
AFP_ENG_20050523.0668 Australia vows unprecedented drive to curb Japan whale kill. SYDNEY, ...
AFP_ENG_20050524.0060 Japan vows to continue whaling despite Australian campaign by Miwa ...
AFP_ENG_20050527.0037 Australian government foils court challenge against Japanese whaling. SYDNEY, May ...
APW_ENG_20050527.0226 Animal rights group loses bid to sue Japanese whaling company. ...
AFP_ENG_20050529.0006 Australian environment minister visits Europe to push anti-whaling stance. SYDNEY, ...
APW_ENG_20050531.0165 Australian animal rights group to appeal decision in Japanese whaling ...
APW_ENG_20050602.0082 U.S. urges Japan to stop killing whales, says any expansion ...
APW_ENG_20050609.0243 Australia says it may be short of support for continued ...
XIN_ENG_20050611.0188 China keeps protecting whales: official. BEIJING, June 12 (Xinhua). China ...
AFP_ENG_20050617.0321 International Whaling Commission meeting. June 17. ...
AFP_ENG_20050617.0334 Whalers brace for battle with anti-hunt critics. SEOUL, June 17. ...
AFP_ENG_20050619.0502 Anti-whaling countries lambast Japan's plans at world whaling body. ULSAN, ...
APW_ENG_20050620.0352 Pro-whaling nations suffer setback at IWC meeting. ULSAN, South Korea. ...
XIN_ENG_20050622.0071 Japan's proposal to widen scientific whale hunt defeated at IWC ...
AFP_ENG_20050622.0080 Whaling commission condemns Japan's plan to increase scientific whaling. ULSAN, ...
APW_ENG_20050622.0124 Australia urges Japan to stop expanded research whaling. ULSAN, South ...
NYT19990223.0326 AVALANCHE ENGULFS AUSTRIAN RESORT, KILLING AT LEAST 8. ROME _ ...
APW19990224.0002 AP Top News at 6 p.m. EST. *Wednesday, Feb. 24, ...
APW19990224.0020 AP Top News at 2 p.m. EST. *Wednesday, Feb. 24, ...
APW19990224.0025 Austria Avalanche Kills at Least 9. LANDECK, Austria (AP) -- ...
APW19990224.0074 AP Top News at 10 p.m. EST. *Wednesday, Feb. 24, ...
NYT19990224.0153 FOR THURSDAY AMs Here are today's top news stories from ...
XIE19990224.0207 Xinhua World News Summary at 0800 GMT February 24. VIENNA ...
APW19990224.0208 AP Top News at 9 p.m. EST. *Wednesday, Feb. 24, ...
XIE19990224.0283 Eight Confirmed Dead in Avalanches in Western Austria. VIENNA, February ...
NYT19990224.0361 AT LEAST 17 DEAD, MORE MISSING IN AUSTRIAN AVALANCHES. LANDECK, ...
APW19990225.0021 AP Top News at 4 a.m. EST. *Thursday, Feb. 25, ...
APW19990225.0067 AP Top News at 6 p.m. EST. *Thursday, Feb. 25, ...
XIE19990225.0200 Deadly Avalanches Kill 18 in Austria. VIENNA, February 24 (Xinhua) ...
APW19990226.0115 AP Top News at 4 a.m. EST. *Friday, Feb. 26, ...
XIE19990226.0143 Major News Items in Leading British Newspapers. LONDON, February 26 ...
APW19990226.0166 AP Top News at 6 p.m. EST. *Friday, Feb. 26, ...
APW19990227.0083 AP Top News at 4 p.m. EST. *Saturday, Feb. 27, ...
NYT19990227.0100 THE WEEK IN REVIEW. Taking Hostages in the War on ...
XIE19990312.0363 Avalanche in Italy Killed 3 Tourists. ROME, March 11 (Xinhua) ...
NYT19990324.0055 AFTER THE AVALANCHES, EUROPE SKIS IN TO SPRING. PARIS _ ...
APW19980821.0439 Protesters gather around bombed-out factory. KHARTOUM, Sudan (AP) _ Hundreds ...
NYT19980821.0454 ATTACK-ALBANIA, ATTACK-EVIDENCE, ATTACK-DAMAGE, ATTACK-ISLAM, ATTACK-RECAP, ATTACK-RUSSIA-REACT, ATTACK-MIDEAST-REACT, ATTACK-EUROPE-REACT, ATTACK-KENYA, ATTACK-PAKISTAN.). ...
APW19980821.0541 U.S. criticized for attacks on Sudan, Afghanistan. CAIRO, Egypt (AP) ...
APW19980821.0702 El-Bashir withdraws diplomats, calls on U.N. to investigate. KHARTOUM, Sudan ...
APW19980821.0850 On Arab streets, Clinton-Lewinsky affair seen behind attacks. CAIRO, Egypt ...
APW19980821.1000 Sudan council to meet, authorize UN fact-finding team. UNITED NATIONS ...
APW19980821.1004 Diplomats tour battered factory, protesters denounce U.S.. KHARTOUM, Sudan (AP) ...
APW19980821.1136 Minister: Sudan invites an American verification committee. BAGHDAD, Iraq (AP) ...
APW19980821.1239 El-Bashir withdraws diplomats, calls on U.N. to investigate. KHARTOUM, Sudan ...
APW19980821.1283 Sudan asks council to authorize fact-finding team. UNITED NATIONS (AP) ...
XIE19980822.0020 Arab League Condemns U.S. Attack on Sudan. CAIRO, August 21 ...
XIE19980822.0030 Sudan Urges International Society to Condemn U.S.. UNITED NATIONS, August ...
XIE19980822.0039 Jordan Expresses Reservation Over U.S. Attack on Sudan. AMMAN, August ...
XIE19980822.0042 Yemen Condemns U.S. Attack on Sudanese Facility. SANAA, August 21 ...
XIE19980822.0051 Sudan Recalls Diplomats in Washington to Protest. KHARTOUM, August 21 ...
APW19980822.0087 With protests, marches, Sudan seeks to rally weary people. KHARTOUM, ...
XIE19980822.0257 Xinhua Mideast News Summary at 2010 GMT, August 21. KHARTOUM ...
APW19980822.0414 Sudan's president whips up crowd against U.S. as anti-Islam. KHARTOUM, ...
APW19980822.0421 With missile attack, Sudan seeks to bolster sagging support. KHARTOUM, ...
APW19980822.0531 Arab League to convene emergency meeting on US strike in ...
LTW_ENG_20050109.0013 Possible Delisting as Endangered Is a Bear of an Issue. ...
APW_ENG_20050225.0067 Nine-year study shows grizzlies near Canadian park have lowest birth ...
LTW_ENG_20050808.0070 Environmental Groups Split Over Yellowstone's Grizzlies. MISSOULA, Mont.. As the ...
NYT_ENG_20050902.0367 ADVANCE FOR SUNDAY, SEPT. 4. Grizzly bears in Yellowstone National ...
LTW_ENG_20051025.0044 Poaching the Parks. A few of the many species of ...
APW_ENG_20051111.0150 BILLINGS, Montona. Grizzly bears in areas surrounding Yellowstone National Park ...
LTW_ENG_20051112.0014 bc-grizzly. KALISPELL, Mont.. Who's killing the great bears of Montana? ...
LTW_ENG_20051114.0135 bc-bears. WASHINGTON. The Bush administration on Tuesday is to take ...
NYT_ENG_20051115.0177 YELLOWSTONE GRIZZLY, ONCE ENDANGERED, NOW RECOVERED. HELENA, Mont.. The Yellowstone ...
APW_ENG_20051115.0914 Grizzly bears around Yellowstone to lose status as endangered species. ...
NYT_ENG_20051120.0193 EDITORIAL: ENDANGERING YELLOWSTONE'S GRIZZLIES. The New York Times said in ...
AFP_ENG_20051215.0176 Environmentalists buy big game hunting licence in Canada by Deborah ...
LTW_ENG_20060116.0046 Grizzlies Near Yellowstone May Lose Some Protection. CODY, Wyo.. Federal ...
NYT_ENG_20060206.0197 CANADA TO SHIELD FIVE MILLION FOREST ACRES. HARTLEY BAY, British ...
AFP_ENG_20060207.0635 Accord protects massive Canadian rain forest by Michel Comte. OTTAWA, ...
APW_ENG_20060208.0050 Canada unveil huge park to protect grizzlies, salmon, wolves. VANCOUVER, ...
LTW_ENG_20060216.0108 The True Cost of Protection?. WASHINGTON. They are called by ...
NYT_ENG_20060220.0049 EDITORIAL: AS SPECIES RECOVER, SAFEGUARDS ARE AT RISK. MINNEAPOLIS, Minn.. ...
LTW_ENG_20060316.0118 Idaho Gov. Nominated as Interior Secretary. WASHINGTON. President Bush named ...
NYT_ENG_20060320.0305 SCIENTISTS OPPOSE DELISTING PARK'S GRIZZLIES. HELENA, Mont.. A group of ...
AFP_ENG_20041011.0132 0410 GMT 11:08:40. WHO calls on China to lower 680-a-day ...
NYT_ENG_20041018.0128 PERSONAL HEALTH: WINNING IS GOOD, PLAYING SAFELY IS BETTER. Few ...
APW_ENG_20041019.0437 More than 2,500 motorists hit with tickets in seatbelt crackdown ...
XIN_ENG_20041102.0002 Uganda police warn to enforce strict traffic regulations. KAMPALA, Nov. ...
XIN_ENG_20041105.0010 Ugandan gov't gives another month to enforce strict traffic regulations. ...
NYT_ENG_20041115.0206 HEALTH AND FITNESS NEWS AND NOTES. CHILLS THAT FEVER Even ...
APW_ENG_20041116.0011 Court case may mean cowboy hats making way for helmets ...
XIN_ENG_20041123.0080 ASEAN determines to enhance road safety. PHNOM PENH, Nov. 23 ...
NYT_ENG_20041124.0299 LAW REQUIRES CHILDREN TO WEAR HELMETS WHILE SKATEBOARDING. ALBANY, N.Y.. ...
NYT_ENG_20041126.0117 SOCCER HEADGEAR CAUSES CONTROVERSY. Most soccer players on the Santa ...
XIN_ENG_20041206.0355 Myanmar seeks to bring down car accident death rate. YANGON, ...
NYT_ENG_20041220.0033 12-20-04 REVIEW SURVIVAL SKILLS TO MAKE HOLIDAYS SAFER. SARASOTA, Fla.. ...
NYT_ENG_20041225.0123 ARIZONA SEES INCREASE IN MOTORCYCLE ACCIDENT DEATHS. The number of ...
XIN_ENG_20050110.0249 Italy's car accidents fall sharply in 2004. ROME, Jan. 10 ...
NYT_ENG_20050118.0063 VICIOUS CYCLE INCREASE IN MOTORCYCLE POPULARITY BRINGS MORE WRECKS. FLORENCE, ...
NYT_ENG_20050128.0044 HELMET LAW ISN'T NEEDED, BUT MOTORCYLE TRAINING IS. -- For ...
NYT_ENG_20050307.0128 PRECAUTIONS NEEDED AS YOUNG BALLPLAYERS TAKE THE FIELD. ATLANTA. When ...
XIN_ENG_20050410.0001 Road accidents claim 27 lives as Thais celebrating New Year. ...
LTW_ENG_20050421.0122 Older Riders Add to Rise in Motorcycle Fatalities. WASHINGTON. Margit ...
NYT_ENG_20050610.0133 TOURING WASHINGTON THE SEG-WAY. WASHINGTON. There's a new way for ...
APW19990301.0272 Shepard Murder Trial Postponed. CHEYENNE, Wyo. (AP) -- The trial ...
APW19990302.0328 Shepard Murder Trial Postponed. CHEYENNE, Wyo. (AP) -- The trial ...
APW19990323.0021 Trial in Wyo. Gay Slaying To Begin. LARAMIE, Wyo. (AP) ...
APW19990323.0209 Hate Crime Legislation Urged. WASHINGTON (AP) -- The day before ...
APW19990324.0155 Trial in Wyo. Gay Slaying To Begin. LARAMIE, Wyo. (AP) ...
APW19990324.0206 Gay Attack Trial Opens in Wyoming. LARAMIE, Wyo. (AP) -- ...
APW19990324.0246 Gay Slaying Jury Selection Begins. LARAMIE, Wyo. (AP) -- A ...
APW19990325.0016 Gay Attack Trial To Open Next Month. LARAMIE, Wyo. (AP) ...
APW19990325.0098 Gay Attack Trial To Begin in April. LARAMIE, Wyo. (AP) ...
APW19990325.0243 Shepard Suspect Blames Co-Defendant. LARAMIE, Wyo. (AP) -- The strategy ...
APW19990326.0036 Jurors Excused in Gay Slaying Case. LARAMIE, Wyo. (AP) -- ...
APW19990326.0111 Profile of Shepard Slaying Suspect. LARAMIE, Wyo. (AP) -- Like ...
APW19990329.0016 Potential Jury Warned in Gay Attack. LARAMIE, Wyo. (AP) -- ...
APW19990329.0041 Shepard Jury Selection in 2nd Week. LARAMIE, Wyo. (AP) -- ...
APW19990331.0038 Small Towns Hit Hard by Trials. LARAMIE, Wyo. (AP) -- ...
NYT19990403.0148 WYOMING BRACES FOR GAY MURDER TRIAL. LARAMIE, Wyo. _ At ...
APW19990405.0001 Suspect in Gay Attack Pleads Guilty. LARAMIE, Wyo. (AP) -- ...
APW19990405.0017 Suspect in Gay Attack Pleads Guilty. LARAMIE, Wyo. (AP) -- ...
APW19990405.0047 Longtime Rival Lawyers Square Off. LARAMIE, Wyo. (AP) -- Courtroom ...
APW19990405.0101 Clinton To Endorse Hate Crime Bill. WASHINGTON (AP) -- President ...
XIE19971004.0214 Judge Keeps Jury Anonymous in Mail-Bomb Terrorist Trial. WASHINGTON, October ...
XIE19971007.0176 Jury Selection in Unabomber Trial Begins. WASHINGTON, October 6 (Xinhua) ...
XIE19980105.0053 Major News Items in Leading U.S. Newspapers. WASHINGTON, January 5 ...
XIE19971113.0007 Jury Selection Begins in Mail Bomb Terrorist. WASHINGTON, November 12 ...
XIE19961211.0315 Unabomber Suspect Pleads Innocent. WASHINGTON, December 10 (Xinhua) -- Unabomber ...
XIE19970516.0041 Attorney General to Seek Death Penalty in Unabomber Case. WASHINGTON, ...
XIE19970730.0060 Defense Motion Rejected in UNABOM Case. WASHINGTON, July 29 (Xinhua) ...
XIE19970816.0034 Defense of Mailbomb Terrorist Suspect Seeks Large. WASHINGTON, August 15 ...
XIE19970903.0033 Judge Rejects Most Unabomber Suspect Defense's Requests. WASHINGTON, September 2 ...
XIE19970905.0283 UNABOMber Suspect Moved to Federal Prison. WASHINGTON, September 4 (Xinhua) ...
XIE19980106.0008 Mail-bomber Trial to Begin in California. WASHINGTON, January 5 (Xinhua) ...
XIE19980106.0085 Major News Items in Leading U.S. Newspapers. WASHINGTON, January 6 ...
XIE19980106.0285 Mail-bomber Suspect's Trial on Hold. WASHINGTON, January 5 (Xinhua) -- ...
XIE19980107.0070 Major News Items in Leading U.S. Newspapers. WASHINGTON, January 7 ...
XIE19980108.0100 Major News Items in Leading U.S. Newspapers. WASHINGTON, January 8 ...
XIE19980109.0085 Major News Items in Leading U.S. Newspapers. WASHINGTON, January 9 ...
XIE19980123.0070 Major News Items in Leading U.S. Newspapers. WASHINGTON, January 23 ...
NYT19980625.0067 UNBOWED UNABOMBER PITCHES BOOK IDEA TO PUBLISHER. SAN FRANCISCO _