This file contains logs of xml data file loading script

======= Script session 15/01 03:40:52 =======

(INFO|2023-01-15 03:45:07,704) Done! Good news! No errors found!
(INFO|2023-01-15 03:45:08,578) Done! Good news! No errors found!
(INFO|2023-01-15 03:52:26,485) Done! Good news! No errors found!

======= Script session 15/01 03:57:44 =======

(INFO|2023-01-15 04:01:57,082) Done with /home2/hsteinm/dropbox/22-23/575x/Data/Documents/devtest/GuidedSumm10_test_topics.xml! Good news! No errors found!
(INFO|2023-01-15 04:01:57,980) Done with /home2/hsteinm/dropbox/22-23/575x/Data/Documents/evaltest/GuidedSumm11_test_topics.xml! Good news! No errors found!

======= Script session 15/01 04:23:58 =======

(INFO|2023-01-15 04:28:30,728) Done with /home2/hsteinm/dropbox/22-23/575x/Data/Documents/devtest/GuidedSumm10_test_topics.xml! Good news! No errors found!
(INFO|2023-01-15 04:28:34,117) Done with /home2/hsteinm/dropbox/22-23/575x/Data/Documents/evaltest/GuidedSumm11_test_topics.xml! Good news! No errors found!

======= Script session 15/01 04:35:20 =======


======= Script session 15/01 04:36:19 =======


======= Script session 15/01 04:39:01 =======


======= Script session 15/01 04:40:51 =======


======= Script session 15/01 04:41:16 =======


======= Script session 15/01 04:43:07 =======


======= Script session 15/01 04:44:28 =======


======= Script session 15/01 04:45:05 =======


======= Script session 15/01 04:45:25 =======


======= Script session 15/01 04:45:55 =======


======= Script session 15/01 04:46:21 =======

(INFO|2023-01-15 04:48:38,410) Done with /home2/hsteinm/dropbox/22-23/575x/Data/Documents/devtest/GuidedSumm10_test_topics.xml! Good news! No errors found!
(INFO|2023-01-15 04:48:40,164) Done with /home2/hsteinm/dropbox/22-23/575x/Data/Documents/evaltest/GuidedSumm11_test_topics.xml! Good news! No errors found!
(INFO|2023-01-15 04:52:23,477) Done with /home2/hsteinm/dropbox/22-23/575x/Data/Documents/training/2009/UpdateSumm09_test_topics.xml! Good news! No errors found!

======= Script session 15/01 04:54:38 =======

(INFO|2023-01-15 04:56:41,140) Done with /home2/hsteinm/dropbox/22-23/575x/Data/Documents/devtest/GuidedSumm10_test_topics.xml! Good news! No errors found!
(INFO|2023-01-15 04:56:41,612) Done with /home2/hsteinm/dropbox/22-23/575x/Data/Documents/evaltest/GuidedSumm11_test_topics.xml! Good news! No errors found!
(INFO|2023-01-15 05:00:19,307) Done with /home2/hsteinm/dropbox/22-23/575x/Data/Documents/training/2009/UpdateSumm09_test_topics.xml! Good news! No errors found!

======= Script session 15/01 05:24:54 =======


======= Script session 15/01 05:28:48 =======


======= Script session 15/01 05:30:08 =======


======= Script session 15/01 05:30:58 =======

(INFO|2023-01-15 05:33:02,727) Done with /home2/hsteinm/dropbox/22-23/575x/Data/Documents/devtest/GuidedSumm10_test_topics.xml! Good news! No errors found!
(INFO|2023-01-15 05:33:04,465) Done with /home2/hsteinm/dropbox/22-23/575x/Data/Documents/evaltest/GuidedSumm11_test_topics.xml! Good news! No errors found!
(INFO|2023-01-15 05:36:43,080) Done with /home2/hsteinm/dropbox/22-23/575x/Data/Documents/training/2009/UpdateSumm09_test_topics.xml! Good news! No errors found!

======= Script session 15/01 05:39:00 =======

(INFO|2023-01-15 05:41:00,105) Done with /home2/hsteinm/dropbox/22-23/575x/Data/Documents/devtest/GuidedSumm10_test_topics.xml! Good news! No errors found!
(INFO|2023-01-15 05:41:00,590) Done with /home2/hsteinm/dropbox/22-23/575x/Data/Documents/evaltest/GuidedSumm11_test_topics.xml! Good news! No errors found!
(INFO|2023-01-15 05:44:33,050) Done with /home2/hsteinm/dropbox/22-23/575x/Data/Documents/training/2009/UpdateSumm09_test_topics.xml! Good news! No errors found!

======= Script session 15/01 05:56:17 =======

(INFO|2023-01-15 05:58:32,203) Done with /home2/hsteinm/dropbox/22-23/575x/Data/Documents/devtest/GuidedSumm10_test_topics.xml! Good news! No errors found!
(INFO|2023-01-15 05:58:34,026) Done with /home2/hsteinm/dropbox/22-23/575x/Data/Documents/evaltest/GuidedSumm11_test_topics.xml! Good news! No errors found!
(INFO|2023-01-15 06:02:12,045) Done with /home2/hsteinm/dropbox/22-23/575x/Data/Documents/training/2009/UpdateSumm09_test_topics.xml! Good news! No errors found!
(INFO|2023-01-15 06:02:13,312) Successfully wrote dictionary to files
