---------------------------------------------
1 ROUGE-1 Average_R: 0.23859 (95%-conf.int. 0.22030 - 0.25524)
1 ROUGE-1 Average_P: 0.29337 (95%-conf.int. 0.27379 - 0.31148)
1 ROUGE-1 Average_F: 0.26203 (95%-conf.int. 0.24446 - 0.27808)
.............................................
1 ROUGE-1 Eval D1001-A.M.100.A.1 R:0.22634 P:0.31250 F:0.26253
1 ROUGE-1 Eval D1002-A.M.100.A.1 R:0.22176 P:0.30814 F:0.25791
1 ROUGE-1 Eval D1003-A.M.100.A.1 R:0.29004 P:0.30455 F:0.29712
1 ROUGE-1 Eval D1004-A.M.100.A.1 R:0.28099 P:0.30357 F:0.29184
1 ROUGE-1 Eval D1005-A.M.100.A.1 R:0.22951 P:0.29167 F:0.25688
1 ROUGE-1 Eval D1006-A.M.100.A.1 R:0.24904 P:0.33163 F:0.28446
1 ROUGE-1 Eval D1007-A.M.100.B.1 R:0.29778 P:0.35638 F:0.32446
1 ROUGE-1 Eval D1008-A.M.100.B.1 R:0.13306 P:0.20122 F:0.16019
1 ROUGE-1 Eval D1009-A.M.100.B.1 R:0.31416 P:0.39444 F:0.34975
1 ROUGE-1 Eval D1010-A.M.100.B.1 R:0.21600 P:0.24107 F:0.22785
1 ROUGE-1 Eval D1011-A.M.100.C.1 R:0.15517 P:0.25714 F:0.19355
1 ROUGE-1 Eval D1012-A.M.100.C.1 R:0.22358 P:0.25000 F:0.23605
1 ROUGE-1 Eval D1013-A.M.100.C.1 R:0.28514 P:0.37766 F:0.32494
1 ROUGE-1 Eval D1014-A.M.100.C.1 R:0.10879 P:0.12500 F:0.11633
1 ROUGE-1 Eval D1015-A.M.100.C.1 R:0.27170 P:0.33962 F:0.30189
1 ROUGE-1 Eval D1016-A.M.100.C.1 R:0.28251 P:0.29717 F:0.28965
1 ROUGE-1 Eval D1017-A.M.100.D.1 R:0.19184 P:0.25000 F:0.21709
1 ROUGE-1 Eval D1018-A.M.100.D.1 R:0.23849 P:0.32386 F:0.27470
1 ROUGE-1 Eval D1019-A.M.100.D.1 R:0.29583 P:0.32870 F:0.31140
1 ROUGE-1 Eval D1020-A.M.100.D.1 R:0.22314 P:0.27000 F:0.24434
1 ROUGE-1 Eval D1021-A.M.100.D.1 R:0.25424 P:0.30612 F:0.27778
1 ROUGE-1 Eval D1022-A.M.100.D.1 R:0.29707 P:0.26894 F:0.28231
1 ROUGE-1 Eval D1023-A.M.100.E.1 R:0.19421 P:0.26705 F:0.22488
1 ROUGE-1 Eval D1024-A.M.100.E.1 R:0.17500 P:0.23864 F:0.20192
1 ROUGE-1 Eval D1025-A.M.100.E.1 R:0.25664 P:0.27358 F:0.26484
1 ROUGE-1 Eval D1026-A.M.100.E.1 R:0.07692 P:0.10000 F:0.08695
1 ROUGE-1 Eval D1027-A.M.100.E.1 R:0.30159 P:0.34545 F:0.32203
1 ROUGE-1 Eval D1028-A.M.100.E.1 R:0.29583 P:0.36979 F:0.32870
1 ROUGE-1 Eval D1029-A.M.100.F.1 R:0.24583 P:0.28365 F:0.26339
1 ROUGE-1 Eval D1030-A.M.100.F.1 R:0.18651 P:0.27976 F:0.22381
1 ROUGE-1 Eval D1031-A.M.100.F.1 R:0.23265 P:0.27404 F:0.25165
1 ROUGE-1 Eval D1032-A.M.100.F.1 R:0.28626 P:0.39894 F:0.33333
1 ROUGE-1 Eval D1033-A.M.100.F.1 R:0.30579 P:0.28030 F:0.29249
1 ROUGE-1 Eval D1034-A.M.100.F.1 R:0.07407 P:0.10976 F:0.08845
1 ROUGE-1 Eval D1035-A.M.100.G.1 R:0.23984 P:0.35976 F:0.28781
1 ROUGE-1 Eval D1036-A.M.100.G.1 R:0.17959 P:0.28947 F:0.22166
1 ROUGE-1 Eval D1037-A.M.100.G.1 R:0.28704 P:0.37805 F:0.32632
1 ROUGE-1 Eval D1038-A.M.100.G.1 R:0.21569 P:0.27500 F:0.24176
1 ROUGE-1 Eval D1039-A.M.100.G.1 R:0.29388 P:0.34615 F:0.31788
1 ROUGE-1 Eval D1040-A.M.100.G.1 R:0.21277 P:0.29762 F:0.24814
1 ROUGE-1 Eval D1041-A.M.100.H.1 R:0.21260 P:0.30682 F:0.25116
1 ROUGE-1 Eval D1042-A.M.100.H.1 R:0.24215 P:0.25472 F:0.24828
1 ROUGE-1 Eval D1043-A.M.100.H.1 R:0.32203 P:0.33333 F:0.32758
1 ROUGE-1 Eval D1044-A.M.100.H.1 R:0.29114 P:0.33824 F:0.31293
1 ROUGE-1 Eval D1045-A.M.100.H.1 R:0.33071 P:0.37500 F:0.35147
1 ROUGE-1 Eval D1046-A.M.100.H.1 R:0.25197 P:0.30189 F:0.27468
---------------------------------------------
1 ROUGE-2 Average_R: 0.06052 (95%-conf.int. 0.05079 - 0.07027)
1 ROUGE-2 Average_P: 0.07379 (95%-conf.int. 0.06258 - 0.08452)
1 ROUGE-2 Average_F: 0.06621 (95%-conf.int. 0.05591 - 0.07616)
.............................................
1 ROUGE-2 Eval D1001-A.M.100.A.1 R:0.06695 P:0.09302 F:0.07786
1 ROUGE-2 Eval D1002-A.M.100.A.1 R:0.04681 P:0.06548 F:0.05459
1 ROUGE-2 Eval D1003-A.M.100.A.1 R:0.05286 P:0.05556 F:0.05418
1 ROUGE-2 Eval D1004-A.M.100.A.1 R:0.10504 P:0.11364 F:0.10917
1 ROUGE-2 Eval D1005-A.M.100.A.1 R:0.06667 P:0.08511 F:0.07477
1 ROUGE-2 Eval D1006-A.M.100.A.1 R:0.07393 P:0.09896 F:0.08463
1 ROUGE-2 Eval D1007-A.M.100.B.1 R:0.08145 P:0.09783 F:0.08889
1 ROUGE-2 Eval D1008-A.M.100.B.1 R:0.01639 P:0.02500 F:0.01980
1 ROUGE-2 Eval D1009-A.M.100.B.1 R:0.06306 P:0.07955 F:0.07035
1 ROUGE-2 Eval D1010-A.M.100.B.1 R:0.05691 P:0.06364 F:0.06009
1 ROUGE-2 Eval D1011-A.M.100.C.1 R:0.05702 P:0.09559 F:0.07143
1 ROUGE-2 Eval D1012-A.M.100.C.1 R:0.03306 P:0.03704 F:0.03494
1 ROUGE-2 Eval D1013-A.M.100.C.1 R:0.13061 P:0.17391 F:0.14918
1 ROUGE-2 Eval D1014-A.M.100.C.1 R:0.00000 P:0.00000 F:0.00000
1 ROUGE-2 Eval D1015-A.M.100.C.1 R:0.09195 P:0.11538 F:0.10234
1 ROUGE-2 Eval D1016-A.M.100.C.1 R:0.06393 P:0.06731 F:0.06558
1 ROUGE-2 Eval D1017-A.M.100.D.1 R:0.00830 P:0.01087 F:0.00941
1 ROUGE-2 Eval D1018-A.M.100.D.1 R:0.07660 P:0.10465 F:0.08845
1 ROUGE-2 Eval D1019-A.M.100.D.1 R:0.05508 P:0.06132 F:0.05803
1 ROUGE-2 Eval D1020-A.M.100.D.1 R:0.02941 P:0.03571 F:0.03226
1 ROUGE-2 Eval D1021-A.M.100.D.1 R:0.08621 P:0.10417 F:0.09434
1 ROUGE-2 Eval D1022-A.M.100.D.1 R:0.05532 P:0.05000 F:0.05253
1 ROUGE-2 Eval D1023-A.M.100.E.1 R:0.03782 P:0.05233 F:0.04391
1 ROUGE-2 Eval D1024-A.M.100.E.1 R:0.02119 P:0.02907 F:0.02451
1 ROUGE-2 Eval D1025-A.M.100.E.1 R:0.07658 P:0.08173 F:0.07907
1 ROUGE-2 Eval D1026-A.M.100.E.1 R:0.00000 P:0.00000 F:0.00000
1 ROUGE-2 Eval D1027-A.M.100.E.1 R:0.10484 P:0.12037 F:0.11207
1 ROUGE-2 Eval D1028-A.M.100.E.1 R:0.08475 P:0.10638 F:0.09434
1 ROUGE-2 Eval D1029-A.M.100.F.1 R:0.06356 P:0.07353 F:0.06818
1 ROUGE-2 Eval D1030-A.M.100.F.1 R:0.02016 P:0.03049 F:0.02427
1 ROUGE-2 Eval D1031-A.M.100.F.1 R:0.04979 P:0.05882 F:0.05393
1 ROUGE-2 Eval D1032-A.M.100.F.1 R:0.05814 P:0.08152 F:0.06787
1 ROUGE-2 Eval D1033-A.M.100.F.1 R:0.11345 P:0.10385 F:0.10844
1 ROUGE-2 Eval D1034-A.M.100.F.1 R:0.00418 P:0.00625 F:0.00501
1 ROUGE-2 Eval D1035-A.M.100.G.1 R:0.07025 P:0.10625 F:0.08458
1 ROUGE-2 Eval D1036-A.M.100.G.1 R:0.01245 P:0.02027 F:0.01543
1 ROUGE-2 Eval D1037-A.M.100.G.1 R:0.05660 P:0.07500 F:0.06451
1 ROUGE-2 Eval D1038-A.M.100.G.1 R:0.05179 P:0.06633 F:0.05817
1 ROUGE-2 Eval D1039-A.M.100.G.1 R:0.12448 P:0.14706 F:0.13483
1 ROUGE-2 Eval D1040-A.M.100.G.1 R:0.03463 P:0.04878 F:0.04050
1 ROUGE-2 Eval D1041-A.M.100.H.1 R:0.06000 P:0.08721 F:0.07109
1 ROUGE-2 Eval D1042-A.M.100.H.1 R:0.09589 P:0.10096 F:0.09836
1 ROUGE-2 Eval D1043-A.M.100.H.1 R:0.12500 P:0.12946 F:0.12719
1 ROUGE-2 Eval D1044-A.M.100.H.1 R:0.07296 P:0.08500 F:0.07852
1 ROUGE-2 Eval D1045-A.M.100.H.1 R:0.06800 P:0.07727 F:0.07234
1 ROUGE-2 Eval D1046-A.M.100.H.1 R:0.06800 P:0.08173 F:0.07424
---------------------------------------------
2 ROUGE-1 Average_R: 0.22009 (95%-conf.int. 0.19411 - 0.24519)
2 ROUGE-1 Average_P: 0.32442 (95%-conf.int. 0.29592 - 0.35282)
2 ROUGE-1 Average_F: 0.25794 (95%-conf.int. 0.23133 - 0.28246)
.............................................
2 ROUGE-1 Eval D1001-A.M.100.A.2 R:0.25926 P:0.34239 F:0.29508
2 ROUGE-1 Eval D1002-A.M.100.A.2 R:0.20502 P:0.42241 F:0.27605
2 ROUGE-1 Eval D1003-A.M.100.A.2 R:0.20779 P:0.27273 F:0.23587
2 ROUGE-1 Eval D1004-A.M.100.A.2 R:0.21074 P:0.36429 F:0.26701
2 ROUGE-1 Eval D1005-A.M.100.A.2 R:0.07787 P:0.31667 F:0.12500
2 ROUGE-1 Eval D1006-A.M.100.A.2 R:0.19540 P:0.37500 F:0.25692
2 ROUGE-1 Eval D1007-A.M.100.B.2 R:0.20000 P:0.25000 F:0.22222
2 ROUGE-1 Eval D1008-A.M.100.B.2 R:0.18548 P:0.30263 F:0.23000
2 ROUGE-1 Eval D1009-A.M.100.B.2 R:0.27434 P:0.46970 F:0.34637
2 ROUGE-1 Eval D1010-A.M.100.B.2 R:0.23200 P:0.40278 F:0.29442
2 ROUGE-1 Eval D1011-A.M.100.C.2 R:0.02586 P:0.10714 F:0.04166
2 ROUGE-1 Eval D1012-A.M.100.C.2 R:0.28049 P:0.36702 F:0.31797
2 ROUGE-1 Eval D1013-A.M.100.C.2 R:0.26506 P:0.35106 F:0.30206
2 ROUGE-1 Eval D1014-A.M.100.C.2 R:0.12971 P:0.16489 F:0.14520
2 ROUGE-1 Eval D1015-A.M.100.C.2 R:0.24906 P:0.31731 F:0.27907
2 ROUGE-1 Eval D1016-A.M.100.C.2 R:0.28251 P:0.35795 F:0.31579
2 ROUGE-1 Eval D1017-A.M.100.D.2 R:0.19592 P:0.26087 F:0.22378
2 ROUGE-1 Eval D1018-A.M.100.D.2 R:0.27615 P:0.40244 F:0.32754
2 ROUGE-1 Eval D1019-A.M.100.D.2 R:0.30000 P:0.39130 F:0.33962
2 ROUGE-1 Eval D1020-A.M.100.D.2 R:0.11570 P:0.20000 F:0.14659
2 ROUGE-1 Eval D1021-A.M.100.D.2 R:0.22034 P:0.50000 F:0.30588
2 ROUGE-1 Eval D1022-A.M.100.D.2 R:0.39331 P:0.44340 F:0.41686
2 ROUGE-1 Eval D1023-A.M.100.E.2 R:0.23967 P:0.30208 F:0.26728
2 ROUGE-1 Eval D1024-A.M.100.E.2 R:0.22083 P:0.57609 F:0.31927
2 ROUGE-1 Eval D1025-A.M.100.E.2 R:0.30531 P:0.34500 F:0.32394
2 ROUGE-1 Eval D1026-A.M.100.E.2 R:0.00427 P:0.02500 F:0.00729
2 ROUGE-1 Eval D1027-A.M.100.E.2 R:0.38095 P:0.47059 F:0.42105
2 ROUGE-1 Eval D1028-A.M.100.E.2 R:0.32500 P:0.44318 F:0.37500
2 ROUGE-1 Eval D1029-A.M.100.F.2 R:0.14583 P:0.23026 F:0.17857
2 ROUGE-1 Eval D1030-A.M.100.F.2 R:0.08333 P:0.13125 F:0.10194
2 ROUGE-1 Eval D1031-A.M.100.F.2 R:0.12653 P:0.18902 F:0.15159
2 ROUGE-1 Eval D1032-A.M.100.F.2 R:0.27099 P:0.37766 F:0.31555
2 ROUGE-1 Eval D1033-A.M.100.F.2 R:0.33471 P:0.32143 F:0.32794
2 ROUGE-1 Eval D1034-A.M.100.F.2 R:0.19342 P:0.30128 F:0.23559
2 ROUGE-1 Eval D1035-A.M.100.G.2 R:0.23577 P:0.34524 F:0.28019
2 ROUGE-1 Eval D1036-A.M.100.G.2 R:0.15510 P:0.35185 F:0.21530
2 ROUGE-1 Eval D1037-A.M.100.G.2 R:0.19907 P:0.39815 F:0.26543
2 ROUGE-1 Eval D1038-A.M.100.G.2 R:0.18431 P:0.29375 F:0.22650
2 ROUGE-1 Eval D1039-A.M.100.G.2 R:0.26939 P:0.29464 F:0.28145
2 ROUGE-1 Eval D1040-A.M.100.G.2 R:0.11915 P:0.21212 F:0.15259
2 ROUGE-1 Eval D1041-A.M.100.H.2 R:0.12992 P:0.25000 F:0.17098
2 ROUGE-1 Eval D1042-A.M.100.H.2 R:0.35426 P:0.34649 F:0.35033
2 ROUGE-1 Eval D1043-A.M.100.H.2 R:0.24153 P:0.30319 F:0.26887
2 ROUGE-1 Eval D1044-A.M.100.H.2 R:0.28692 P:0.41463 F:0.33915
2 ROUGE-1 Eval D1045-A.M.100.H.2 R:0.29921 P:0.34545 F:0.32067
2 ROUGE-1 Eval D1046-A.M.100.H.2 R:0.24803 P:0.30882 F:0.27511
---------------------------------------------
2 ROUGE-2 Average_R: 0.06004 (95%-conf.int. 0.04778 - 0.07298)
2 ROUGE-2 Average_P: 0.08634 (95%-conf.int. 0.07024 - 0.10261)
2 ROUGE-2 Average_F: 0.06974 (95%-conf.int. 0.05615 - 0.08357)
.............................................
2 ROUGE-2 Eval D1001-A.M.100.A.2 R:0.06276 P:0.08333 F:0.07160
2 ROUGE-2 Eval D1002-A.M.100.A.2 R:0.05106 P:0.10714 F:0.06916
2 ROUGE-2 Eval D1003-A.M.100.A.2 R:0.08370 P:0.11047 F:0.09524
2 ROUGE-2 Eval D1004-A.M.100.A.2 R:0.07983 P:0.13971 F:0.10160
2 ROUGE-2 Eval D1005-A.M.100.A.2 R:0.00417 P:0.01786 F:0.00676
2 ROUGE-2 Eval D1006-A.M.100.A.2 R:0.03113 P:0.06061 F:0.04113
2 ROUGE-2 Eval D1007-A.M.100.B.2 R:0.04525 P:0.05682 F:0.05038
2 ROUGE-2 Eval D1008-A.M.100.B.2 R:0.04918 P:0.08108 F:0.06122
2 ROUGE-2 Eval D1009-A.M.100.B.2 R:0.09459 P:0.16406 F:0.12000
2 ROUGE-2 Eval D1010-A.M.100.B.2 R:0.08537 P:0.15000 F:0.10881
2 ROUGE-2 Eval D1011-A.M.100.C.2 R:0.00000 P:0.00000 F:0.00000
2 ROUGE-2 Eval D1012-A.M.100.C.2 R:0.05372 P:0.07065 F:0.06103
2 ROUGE-2 Eval D1013-A.M.100.C.2 R:0.09388 P:0.12500 F:0.10723
2 ROUGE-2 Eval D1014-A.M.100.C.2 R:0.00426 P:0.00543 F:0.00477
2 ROUGE-2 Eval D1015-A.M.100.C.2 R:0.09195 P:0.11765 F:0.10322
2 ROUGE-2 Eval D1016-A.M.100.C.2 R:0.06849 P:0.08721 F:0.07672
2 ROUGE-2 Eval D1017-A.M.100.D.2 R:0.02075 P:0.02778 F:0.02376
2 ROUGE-2 Eval D1018-A.M.100.D.2 R:0.10213 P:0.15000 F:0.12152
2 ROUGE-2 Eval D1019-A.M.100.D.2 R:0.05932 P:0.07778 F:0.06731
2 ROUGE-2 Eval D1020-A.M.100.D.2 R:0.00840 P:0.01471 F:0.01069
2 ROUGE-2 Eval D1021-A.M.100.D.2 R:0.09914 P:0.23000 F:0.13856
2 ROUGE-2 Eval D1022-A.M.100.D.2 R:0.17447 P:0.19712 F:0.18510
2 ROUGE-2 Eval D1023-A.M.100.E.2 R:0.00840 P:0.01064 F:0.00939
2 ROUGE-2 Eval D1024-A.M.100.E.2 R:0.07203 P:0.19318 F:0.10493
2 ROUGE-2 Eval D1025-A.M.100.E.2 R:0.08559 P:0.09694 F:0.09091
2 ROUGE-2 Eval D1026-A.M.100.E.2 R:0.00000 P:0.00000 F:0.00000
2 ROUGE-2 Eval D1027-A.M.100.E.2 R:0.13306 P:0.16500 F:0.14732
2 ROUGE-2 Eval D1028-A.M.100.E.2 R:0.12288 P:0.16860 F:0.14215
2 ROUGE-2 Eval D1029-A.M.100.F.2 R:0.00000 P:0.00000 F:0.00000
2 ROUGE-2 Eval D1030-A.M.100.F.2 R:0.00403 P:0.00641 F:0.00495
2 ROUGE-2 Eval D1031-A.M.100.F.2 R:0.01660 P:0.02500 F:0.01995
2 ROUGE-2 Eval D1032-A.M.100.F.2 R:0.06202 P:0.08696 F:0.07240
2 ROUGE-2 Eval D1033-A.M.100.F.2 R:0.10084 P:0.09677 F:0.09876
2 ROUGE-2 Eval D1034-A.M.100.F.2 R:0.03347 P:0.05263 F:0.04092
2 ROUGE-2 Eval D1035-A.M.100.G.2 R:0.06198 P:0.09146 F:0.07389
2 ROUGE-2 Eval D1036-A.M.100.G.2 R:0.02075 P:0.04808 F:0.02899
2 ROUGE-2 Eval D1037-A.M.100.G.2 R:0.01887 P:0.03846 F:0.02532
2 ROUGE-2 Eval D1038-A.M.100.G.2 R:0.04382 P:0.07051 F:0.05405
2 ROUGE-2 Eval D1039-A.M.100.G.2 R:0.10788 P:0.11818 F:0.11280
2 ROUGE-2 Eval D1040-A.M.100.G.2 R:0.00866 P:0.01562 F:0.01114
2 ROUGE-2 Eval D1041-A.M.100.H.2 R:0.04800 P:0.09375 F:0.06349
2 ROUGE-2 Eval D1042-A.M.100.H.2 R:0.15982 P:0.15625 F:0.15801
2 ROUGE-2 Eval D1043-A.M.100.H.2 R:0.11207 P:0.14130 F:0.12500
2 ROUGE-2 Eval D1044-A.M.100.H.2 R:0.06009 P:0.08750 F:0.07125
2 ROUGE-2 Eval D1045-A.M.100.H.2 R:0.08000 P:0.09259 F:0.08584
2 ROUGE-2 Eval D1046-A.M.100.H.2 R:0.04400 P:0.05500 F:0.04889
---------------------------------------------
3 ROUGE-1 Average_R: 0.12607 (95%-conf.int. 0.10746 - 0.14556)
3 ROUGE-1 Average_P: 0.27885 (95%-conf.int. 0.24092 - 0.31720)
3 ROUGE-1 Average_F: 0.16571 (95%-conf.int. 0.14249 - 0.18856)
.............................................
3 ROUGE-1 Eval D1001-A.M.100.A.3 R:0.10288 P:0.12755 F:0.11389
3 ROUGE-1 Eval D1002-A.M.100.A.3 R:0.11297 P:0.48214 F:0.18305
3 ROUGE-1 Eval D1003-A.M.100.A.3 R:0.13420 P:0.35227 F:0.19436
3 ROUGE-1 Eval D1004-A.M.100.A.3 R:0.14876 P:0.36000 F:0.21053
3 ROUGE-1 Eval D1005-A.M.100.A.3 R:0.01639 P:0.05263 F:0.02500
3 ROUGE-1 Eval D1006-A.M.100.A.3 R:0.29119 P:0.38776 F:0.33261
3 ROUGE-1 Eval D1007-A.M.100.B.3 R:0.10667 P:0.37500 F:0.16609
3 ROUGE-1 Eval D1008-A.M.100.B.3 R:0.14516 P:0.18367 F:0.16216
3 ROUGE-1 Eval D1009-A.M.100.B.3 R:0.17699 P:0.62500 F:0.27586
3 ROUGE-1 Eval D1010-A.M.100.B.3 R:0.02400 P:0.12500 F:0.04027
3 ROUGE-1 Eval D1011-A.M.100.C.3 R:0.08621 P:0.12500 F:0.10204
3 ROUGE-1 Eval D1012-A.M.100.C.3 R:0.13008 P:0.15094 F:0.13974
3 ROUGE-1 Eval D1013-A.M.100.C.3 R:0.11647 P:0.15104 F:0.13152
3 ROUGE-1 Eval D1014-A.M.100.C.3 R:0.02929 P:0.14583 F:0.04878
3 ROUGE-1 Eval D1015-A.M.100.C.3 R:0.06038 P:0.23529 F:0.09610
3 ROUGE-1 Eval D1016-A.M.100.C.3 R:0.10762 P:0.42857 F:0.17204
3 ROUGE-1 Eval D1017-A.M.100.D.3 R:0.23673 P:0.34524 F:0.28087
3 ROUGE-1 Eval D1018-A.M.100.D.3 R:0.18828 P:0.62500 F:0.28938
3 ROUGE-1 Eval D1019-A.M.100.D.3 R:0.23750 P:0.41912 F:0.30319
3 ROUGE-1 Eval D1020-A.M.100.D.3 R:0.15702 P:0.17593 F:0.16594
3 ROUGE-1 Eval D1021-A.M.100.D.3 R:0.10169 P:0.33333 F:0.15584
3 ROUGE-1 Eval D1022-A.M.100.D.3 R:0.15900 P:0.38000 F:0.22419
3 ROUGE-1 Eval D1023-A.M.100.E.3 R:0.04959 P:0.33333 F:0.08634
3 ROUGE-1 Eval D1024-A.M.100.E.3 R:0.22917 P:0.39286 F:0.28948
3 ROUGE-1 Eval D1025-A.M.100.E.3 R:0.23009 P:0.39394 F:0.29050
3 ROUGE-1 Eval D1026-A.M.100.E.3 R:0.08547 P:0.11905 F:0.09950
3 ROUGE-1 Eval D1027-A.M.100.E.3 R:0.21429 P:0.45000 F:0.29033
3 ROUGE-1 Eval D1028-A.M.100.E.3 R:0.06250 P:0.28846 F:0.10274
3 ROUGE-1 Eval D1029-A.M.100.F.3 R:0.13333 P:0.21053 F:0.16326
3 ROUGE-1 Eval D1030-A.M.100.F.3 R:0.12698 P:0.38095 F:0.19047
3 ROUGE-1 Eval D1031-A.M.100.F.3 R:0.09796 P:0.09677 F:0.09736
3 ROUGE-1 Eval D1032-A.M.100.F.3 R:0.18702 P:0.45370 F:0.26486
3 ROUGE-1 Eval D1033-A.M.100.F.3 R:0.00413 P:0.02273 F:0.00699
3 ROUGE-1 Eval D1034-A.M.100.F.3 R:0.05761 P:0.21875 F:0.09120
3 ROUGE-1 Eval D1035-A.M.100.G.3 R:0.10163 P:0.25000 F:0.14451
3 ROUGE-1 Eval D1036-A.M.100.G.3 R:0.06122 P:0.16304 F:0.08902
3 ROUGE-1 Eval D1037-A.M.100.G.3 R:0.10648 P:0.10088 F:0.10360
3 ROUGE-1 Eval D1038-A.M.100.G.3 R:0.21176 P:0.28125 F:0.24161
3 ROUGE-1 Eval D1039-A.M.100.G.3 R:0.19184 P:0.23980 F:0.21316
3 ROUGE-1 Eval D1040-A.M.100.G.3 R:0.07660 P:0.22500 F:0.11429
3 ROUGE-1 Eval D1041-A.M.100.H.3 R:0.11024 P:0.19444 F:0.14071
3 ROUGE-1 Eval D1042-A.M.100.H.3 R:0.28251 P:0.32812 F:0.30361
3 ROUGE-1 Eval D1043-A.M.100.H.3 R:0.07627 P:0.25000 F:0.11688
3 ROUGE-1 Eval D1044-A.M.100.H.3 R:0.06751 P:0.23529 F:0.10492
3 ROUGE-1 Eval D1045-A.M.100.H.3 R:0.09449 P:0.30000 F:0.14371
3 ROUGE-1 Eval D1046-A.M.100.H.3 R:0.07874 P:0.31250 F:0.12579
---------------------------------------------
3 ROUGE-2 Average_R: 0.03043 (95%-conf.int. 0.02284 - 0.03832)
3 ROUGE-2 Average_P: 0.06588 (95%-conf.int. 0.04810 - 0.08660)
3 ROUGE-2 Average_F: 0.03993 (95%-conf.int. 0.02999 - 0.05059)
.............................................
3 ROUGE-2 Eval D1001-A.M.100.A.3 R:0.02092 P:0.02604 F:0.02320
3 ROUGE-2 Eval D1002-A.M.100.A.3 R:0.02979 P:0.13462 F:0.04878
3 ROUGE-2 Eval D1003-A.M.100.A.3 R:0.03524 P:0.09524 F:0.05144
3 ROUGE-2 Eval D1004-A.M.100.A.3 R:0.04202 P:0.10417 F:0.05988
3 ROUGE-2 Eval D1005-A.M.100.A.3 R:0.00000 P:0.00000 F:0.00000
3 ROUGE-2 Eval D1006-A.M.100.A.3 R:0.05837 P:0.07812 F:0.06682
3 ROUGE-2 Eval D1007-A.M.100.B.3 R:0.01810 P:0.06667 F:0.02847
3 ROUGE-2 Eval D1008-A.M.100.B.3 R:0.02459 P:0.03125 F:0.02752
3 ROUGE-2 Eval D1009-A.M.100.B.3 R:0.05856 P:0.21667 F:0.09220
3 ROUGE-2 Eval D1010-A.M.100.B.3 R:0.00000 P:0.00000 F:0.00000
3 ROUGE-2 Eval D1011-A.M.100.C.3 R:0.03509 P:0.05128 F:0.04167
3 ROUGE-2 Eval D1012-A.M.100.C.3 R:0.02893 P:0.03365 F:0.03111
3 ROUGE-2 Eval D1013-A.M.100.C.3 R:0.02857 P:0.03723 F:0.03233
3 ROUGE-2 Eval D1014-A.M.100.C.3 R:0.00000 P:0.00000 F:0.00000
3 ROUGE-2 Eval D1015-A.M.100.C.3 R:0.01533 P:0.06250 F:0.02462
3 ROUGE-2 Eval D1016-A.M.100.C.3 R:0.01826 P:0.07692 F:0.02951
3 ROUGE-2 Eval D1017-A.M.100.D.3 R:0.05809 P:0.08537 F:0.06914
3 ROUGE-2 Eval D1018-A.M.100.D.3 R:0.10213 P:0.35294 F:0.15842
3 ROUGE-2 Eval D1019-A.M.100.D.3 R:0.05932 P:0.10606 F:0.07609
3 ROUGE-2 Eval D1020-A.M.100.D.3 R:0.01261 P:0.01415 F:0.01334
3 ROUGE-2 Eval D1021-A.M.100.D.3 R:0.01293 P:0.04412 F:0.02000
3 ROUGE-2 Eval D1022-A.M.100.D.3 R:0.04255 P:0.10417 F:0.06042
3 ROUGE-2 Eval D1023-A.M.100.E.3 R:0.00420 P:0.03125 F:0.00740
3 ROUGE-2 Eval D1024-A.M.100.E.3 R:0.08051 P:0.13971 F:0.10215
3 ROUGE-2 Eval D1025-A.M.100.E.3 R:0.07207 P:0.12500 F:0.09143
3 ROUGE-2 Eval D1026-A.M.100.E.3 R:0.02174 P:0.03049 F:0.02538
3 ROUGE-2 Eval D1027-A.M.100.E.3 R:0.08468 P:0.18103 F:0.11539
3 ROUGE-2 Eval D1028-A.M.100.E.3 R:0.00000 P:0.00000 F:0.00000
3 ROUGE-2 Eval D1029-A.M.100.F.3 R:0.00847 P:0.01351 F:0.01041
3 ROUGE-2 Eval D1030-A.M.100.F.3 R:0.03226 P:0.10000 F:0.04878
3 ROUGE-2 Eval D1031-A.M.100.F.3 R:0.02075 P:0.02049 F:0.02062
3 ROUGE-2 Eval D1032-A.M.100.F.3 R:0.06589 P:0.16346 F:0.09392
3 ROUGE-2 Eval D1033-A.M.100.F.3 R:0.00000 P:0.00000 F:0.00000
3 ROUGE-2 Eval D1034-A.M.100.F.3 R:0.00000 P:0.00000 F:0.00000
3 ROUGE-2 Eval D1035-A.M.100.G.3 R:0.02893 P:0.07292 F:0.04143
3 ROUGE-2 Eval D1036-A.M.100.G.3 R:0.00000 P:0.00000 F:0.00000
3 ROUGE-2 Eval D1037-A.M.100.G.3 R:0.01887 P:0.01786 F:0.01835
3 ROUGE-2 Eval D1038-A.M.100.G.3 R:0.02789 P:0.03723 F:0.03189
3 ROUGE-2 Eval D1039-A.M.100.G.3 R:0.04979 P:0.06250 F:0.05543
3 ROUGE-2 Eval D1040-A.M.100.G.3 R:0.00000 P:0.00000 F:0.00000
3 ROUGE-2 Eval D1041-A.M.100.H.3 R:0.03200 P:0.05714 F:0.04102
3 ROUGE-2 Eval D1042-A.M.100.H.3 R:0.11872 P:0.13830 F:0.12776
3 ROUGE-2 Eval D1043-A.M.100.H.3 R:0.01724 P:0.05882 F:0.02666
3 ROUGE-2 Eval D1044-A.M.100.H.3 R:0.00429 P:0.01562 F:0.00673
3 ROUGE-2 Eval D1045-A.M.100.H.3 R:0.00400 P:0.01316 F:0.00614
3 ROUGE-2 Eval D1046-A.M.100.H.3 R:0.00800 P:0.03333 F:0.01290
