---------------------------------------------
1 ROUGE-1 Average_R: 0.16797 (95%-conf.int. 0.14435 - 0.19105)
1 ROUGE-1 Average_P: 0.29183 (95%-conf.int. 0.25757 - 0.32447)
1 ROUGE-1 Average_F: 0.21037 (95%-conf.int. 0.18391 - 0.23656)
.............................................
1 ROUGE-1 Eval D1001-A.M.100.A.1 R:0.05761 P:0.15909 F:0.08459
1 ROUGE-1 Eval D1002-A.M.100.A.1 R:0.21339 P:0.29651 F:0.24818
1 ROUGE-1 Eval D1003-A.M.100.A.1 R:0.10823 P:0.20161 F:0.14085
1 ROUGE-1 Eval D1004-A.M.100.A.1 R:0.26033 P:0.37500 F:0.30732
1 ROUGE-1 Eval D1005-A.M.100.A.1 R:0.11475 P:0.23333 F:0.15384
1 ROUGE-1 Eval D1006-A.M.100.A.1 R:0.09962 P:0.18056 F:0.12840
1 ROUGE-1 Eval D1007-A.M.100.B.1 R:0.20444 P:0.39655 F:0.26979
1 ROUGE-1 Eval D1008-A.M.100.B.1 R:0.11290 P:0.28000 F:0.16092
1 ROUGE-1 Eval D1009-A.M.100.B.1 R:0.23009 P:0.30952 F:0.26396
1 ROUGE-1 Eval D1010-A.M.100.B.1 R:0.10000 P:0.29762 F:0.14970
1 ROUGE-1 Eval D1011-A.M.100.C.1 R:0.08190 P:0.12179 F:0.09794
1 ROUGE-1 Eval D1012-A.M.100.C.1 R:0.29268 P:0.45000 F:0.35468
1 ROUGE-1 Eval D1013-A.M.100.C.1 R:0.08032 P:0.12500 F:0.09780
1 ROUGE-1 Eval D1014-A.M.100.C.1 R:0.13808 P:0.37500 F:0.20184
1 ROUGE-1 Eval D1015-A.M.100.C.1 R:0.12453 P:0.28448 F:0.17323
1 ROUGE-1 Eval D1016-A.M.100.C.1 R:0.17489 P:0.24375 F:0.20366
1 ROUGE-1 Eval D1017-A.M.100.D.1 R:0.13469 P:0.33000 F:0.19130
1 ROUGE-1 Eval D1018-A.M.100.D.1 R:0.23849 P:0.33140 F:0.27737
1 ROUGE-1 Eval D1019-A.M.100.D.1 R:0.21250 P:0.35417 F:0.26563
1 ROUGE-1 Eval D1020-A.M.100.D.1 R:0.10744 P:0.13542 F:0.11982
1 ROUGE-1 Eval D1021-A.M.100.D.1 R:0.25847 P:0.38125 F:0.30808
1 ROUGE-1 Eval D1022-A.M.100.D.1 R:0.34310 P:0.44565 F:0.38771
1 ROUGE-1 Eval D1023-A.M.100.E.1 R:0.16529 P:0.37037 F:0.22857
1 ROUGE-1 Eval D1024-A.M.100.E.1 R:0.17083 P:0.23295 F:0.19711
1 ROUGE-1 Eval D1025-A.M.100.E.1 R:0.23009 P:0.40625 F:0.29379
1 ROUGE-1 Eval D1026-A.M.100.E.1 R:0.06838 P:0.11111 F:0.08466
1 ROUGE-1 Eval D1027-A.M.100.E.1 R:0.30159 P:0.52778 F:0.38384
1 ROUGE-1 Eval D1028-A.M.100.E.1 R:0.22500 P:0.31395 F:0.26213
1 ROUGE-1 Eval D1029-A.M.100.F.1 R:0.05000 P:0.13636 F:0.07317
1 ROUGE-1 Eval D1030-A.M.100.F.1 R:0.10714 P:0.32143 F:0.16071
1 ROUGE-1 Eval D1031-A.M.100.F.1 R:0.04490 P:0.08088 F:0.05774
1 ROUGE-1 Eval D1032-A.M.100.F.1 R:0.20229 P:0.38971 F:0.26633
1 ROUGE-1 Eval D1033-A.M.100.F.1 R:0.25207 P:0.37195 F:0.30049
1 ROUGE-1 Eval D1034-A.M.100.F.1 R:0.01646 P:0.02273 F:0.01909
1 ROUGE-1 Eval D1035-A.M.100.G.1 R:0.15447 P:0.25000 F:0.19095
1 ROUGE-1 Eval D1036-A.M.100.G.1 R:0.09796 P:0.26087 F:0.14243
1 ROUGE-1 Eval D1037-A.M.100.G.1 R:0.18056 P:0.39000 F:0.24684
1 ROUGE-1 Eval D1038-A.M.100.G.1 R:0.14902 P:0.28788 F:0.19638
1 ROUGE-1 Eval D1039-A.M.100.G.1 R:0.15918 P:0.23214 F:0.18886
1 ROUGE-1 Eval D1040-A.M.100.G.1 R:0.10213 P:0.15385 F:0.12277
1 ROUGE-1 Eval D1041-A.M.100.H.1 R:0.15748 P:0.22727 F:0.18605
1 ROUGE-1 Eval D1042-A.M.100.H.1 R:0.28251 P:0.35000 F:0.31265
1 ROUGE-1 Eval D1043-A.M.100.H.1 R:0.26695 P:0.46324 F:0.33871
1 ROUGE-1 Eval D1044-A.M.100.H.1 R:0.15612 P:0.42045 F:0.22769
1 ROUGE-1 Eval D1045-A.M.100.H.1 R:0.31496 P:0.45455 F:0.37209
1 ROUGE-1 Eval D1046-A.M.100.H.1 R:0.20079 P:0.33553 F:0.25123
---------------------------------------------
1 ROUGE-2 Average_R: 0.05015 (95%-conf.int. 0.03810 - 0.06142)
1 ROUGE-2 Average_P: 0.08396 (95%-conf.int. 0.06525 - 0.10139)
1 ROUGE-2 Average_F: 0.06214 (95%-conf.int. 0.04761 - 0.07546)
.............................................
1 ROUGE-2 Eval D1001-A.M.100.A.1 R:0.00000 P:0.00000 F:0.00000
1 ROUGE-2 Eval D1002-A.M.100.A.1 R:0.07660 P:0.10714 F:0.08933
1 ROUGE-2 Eval D1003-A.M.100.A.1 R:0.06167 P:0.11667 F:0.08069
1 ROUGE-2 Eval D1004-A.M.100.A.1 R:0.07563 P:0.10976 F:0.08955
1 ROUGE-2 Eval D1005-A.M.100.A.1 R:0.04583 P:0.09483 F:0.06180
1 ROUGE-2 Eval D1006-A.M.100.A.1 R:0.00389 P:0.00714 F:0.00504
1 ROUGE-2 Eval D1007-A.M.100.B.1 R:0.07240 P:0.14286 F:0.09610
1 ROUGE-2 Eval D1008-A.M.100.B.1 R:0.02049 P:0.05208 F:0.02941
1 ROUGE-2 Eval D1009-A.M.100.B.1 R:0.06757 P:0.09146 F:0.07772
1 ROUGE-2 Eval D1010-A.M.100.B.1 R:0.03252 P:0.10000 F:0.04908
1 ROUGE-2 Eval D1011-A.M.100.C.1 R:0.00000 P:0.00000 F:0.00000
1 ROUGE-2 Eval D1012-A.M.100.C.1 R:0.12397 P:0.19231 F:0.15076
1 ROUGE-2 Eval D1013-A.M.100.C.1 R:0.02857 P:0.04487 F:0.03491
1 ROUGE-2 Eval D1014-A.M.100.C.1 R:0.00851 P:0.02381 F:0.01254
1 ROUGE-2 Eval D1015-A.M.100.C.1 R:0.03448 P:0.08036 F:0.04826
1 ROUGE-2 Eval D1016-A.M.100.C.1 R:0.04110 P:0.05769 F:0.04800
1 ROUGE-2 Eval D1017-A.M.100.D.1 R:0.01245 P:0.03125 F:0.01781
1 ROUGE-2 Eval D1018-A.M.100.D.1 R:0.09362 P:0.13095 F:0.10918
1 ROUGE-2 Eval D1019-A.M.100.D.1 R:0.10169 P:0.17143 F:0.12766
1 ROUGE-2 Eval D1020-A.M.100.D.1 R:0.00420 P:0.00532 F:0.00469
1 ROUGE-2 Eval D1021-A.M.100.D.1 R:0.08621 P:0.12821 F:0.10310
1 ROUGE-2 Eval D1022-A.M.100.D.1 R:0.12766 P:0.16667 F:0.14458
1 ROUGE-2 Eval D1023-A.M.100.E.1 R:0.02101 P:0.04808 F:0.02924
1 ROUGE-2 Eval D1024-A.M.100.E.1 R:0.04237 P:0.05814 F:0.04902
1 ROUGE-2 Eval D1025-A.M.100.E.1 R:0.11712 P:0.20968 F:0.15029
1 ROUGE-2 Eval D1026-A.M.100.E.1 R:0.00000 P:0.00000 F:0.00000
1 ROUGE-2 Eval D1027-A.M.100.E.1 R:0.10887 P:0.19286 F:0.13918
1 ROUGE-2 Eval D1028-A.M.100.E.1 R:0.07627 P:0.10714 F:0.08911
1 ROUGE-2 Eval D1029-A.M.100.F.1 R:0.00000 P:0.00000 F:0.00000
1 ROUGE-2 Eval D1030-A.M.100.F.1 R:0.01613 P:0.05000 F:0.02439
1 ROUGE-2 Eval D1031-A.M.100.F.1 R:0.00415 P:0.00758 F:0.00536
1 ROUGE-2 Eval D1032-A.M.100.F.1 R:0.07752 P:0.15152 F:0.10257
1 ROUGE-2 Eval D1033-A.M.100.F.1 R:0.10924 P:0.16250 F:0.13065
1 ROUGE-2 Eval D1034-A.M.100.F.1 R:0.00000 P:0.00000 F:0.00000
1 ROUGE-2 Eval D1035-A.M.100.G.1 R:0.03719 P:0.06081 F:0.04615
1 ROUGE-2 Eval D1036-A.M.100.G.1 R:0.00830 P:0.02273 F:0.01216
1 ROUGE-2 Eval D1037-A.M.100.G.1 R:0.04245 P:0.09375 F:0.05844
1 ROUGE-2 Eval D1038-A.M.100.G.1 R:0.05578 P:0.10938 F:0.07388
1 ROUGE-2 Eval D1039-A.M.100.G.1 R:0.05809 P:0.08537 F:0.06914
1 ROUGE-2 Eval D1040-A.M.100.G.1 R:0.01732 P:0.02632 F:0.02089
1 ROUGE-2 Eval D1041-A.M.100.H.1 R:0.07200 P:0.10465 F:0.08531
1 ROUGE-2 Eval D1042-A.M.100.H.1 R:0.12785 P:0.15909 F:0.14177
1 ROUGE-2 Eval D1043-A.M.100.H.1 R:0.07759 P:0.13636 F:0.09890
1 ROUGE-2 Eval D1044-A.M.100.H.1 R:0.02575 P:0.07143 F:0.03785
1 ROUGE-2 Eval D1045-A.M.100.H.1 R:0.06400 P:0.09302 F:0.07583
1 ROUGE-2 Eval D1046-A.M.100.H.1 R:0.04400 P:0.07432 F:0.05528